2025-12-03 01:48:52,151 - INFO - amendment_added | act=ACT-TEST | hash=b378848fd2e2969d | author=Author
2025-12-03 01:48:52,151 - INFO - chain_verified | act=ACT-TEST | status=valid | amendments=1
2025-12-03 01:48:52,152 - INFO - amendment_added | act=ACT-SEC | hash=da4b89ed285ccae2 | author=Author
2025-12-03 01:48:52,152 - INFO - amendment_added | act=ACT-SEC | hash=da4b89ed285ccae2 | author=Author
2025-12-03 01:48:52,152 - INFO - tampering_detected | act=ACT-SEC | node=0 | reason=hash_mismatch
2025-12-03 01:48:52,152 - INFO - tampering_detected | act=ACT-SEC | node=0 | reason=hash_mismatch
2025-12-03 01:48:52,153 - INFO - amendment_added | act=ACT-PERF | hash=a75075bbcf54594e | author=Author 0
2025-12-03 01:48:52,153 - INFO - amendment_added | act=ACT-PERF | hash=a75075bbcf54594e | author=Author 0
2025-12-03 01:48:52,153 - INFO - amendment_added | act=ACT-PERF | hash=a75075bbcf54594e | author=Author 0
2025-12-03 01:48:52,153 - INFO - amendment_added | act=ACT-PERF | hash=dd3c481f2a6c3169 | author=Author 1
2025-12-03 01:48:52,153 - INFO - amendment_added | act=ACT-PERF | hash=dd3c481f2a6c3169 | author=Author 1
2025-12-03 01:48:52,153 - INFO - amendment_added | act=ACT-PERF | hash=dd3c481f2a6c3169 | author=Author 1
2025-12-03 01:48:52,153 - INFO - amendment_added | act=ACT-PERF | hash=34b55059f06662e8 | author=Author 2
2025-12-03 01:48:52,153 - INFO - amendment_added | act=ACT-PERF | hash=34b55059f06662e8 | author=Author 2
2025-12-03 01:48:52,153 - INFO - amendment_added | act=ACT-PERF | hash=34b55059f06662e8 | author=Author 2
2025-12-03 01:48:52,153 - INFO - amendment_added | act=ACT-PERF | hash=3e64a3650eb592b2 | author=Author 3
2025-12-03 01:48:52,153 - INFO - amendment_added | act=ACT-PERF | hash=3e64a3650eb592b2 | author=Author 3
2025-12-03 01:48:52,153 - INFO - amendment_added | act=ACT-PERF | hash=3e64a3650eb592b2 | author=Author 3
2025-12-03 01:48:52,153 - INFO - amendment_added | act=ACT-PERF | hash=70298d71da7b08e5 | author=Author 4
2025-12-03 01:48:52,153 - INFO - amendment_added | act=ACT-PERF | hash=70298d71da7b08e5 | author=Author 4
2025-12-03 01:48:52,153 - INFO - amendment_added | act=ACT-PERF | hash=70298d71da7b08e5 | author=Author 4
2025-12-03 01:48:52,153 - INFO - amendment_added | act=ACT-PERF | hash=f4088f6a8fa55418 | author=Author 5
2025-12-03 01:48:52,153 - INFO - amendment_added | act=ACT-PERF | hash=f4088f6a8fa55418 | author=Author 5
2025-12-03 01:48:52,153 - INFO - amendment_added | act=ACT-PERF | hash=f4088f6a8fa55418 | author=Author 5
2025-12-03 01:48:52,153 - INFO - amendment_added | act=ACT-PERF | hash=5929623926921813 | author=Author 6
2025-12-03 01:48:52,153 - INFO - amendment_added | act=ACT-PERF | hash=5929623926921813 | author=Author 6
2025-12-03 01:48:52,153 - INFO - amendment_added | act=ACT-PERF | hash=5929623926921813 | author=Author 6
2025-12-03 01:48:52,154 - INFO - amendment_added | act=ACT-PERF | hash=6b9a056e6e637e87 | author=Author 7
2025-12-03 01:48:52,154 - INFO - amendment_added | act=ACT-PERF | hash=6b9a056e6e637e87 | author=Author 7
2025-12-03 01:48:52,154 - INFO - amendment_added | act=ACT-PERF | hash=6b9a056e6e637e87 | author=Author 7
2025-12-03 01:48:52,154 - INFO - amendment_added | act=ACT-PERF | hash=19be44bae0032944 | author=Author 8
2025-12-03 01:48:52,154 - INFO - amendment_added | act=ACT-PERF | hash=19be44bae0032944 | author=Author 8
2025-12-03 01:48:52,154 - INFO - amendment_added | act=ACT-PERF | hash=19be44bae0032944 | author=Author 8
2025-12-03 01:48:52,154 - INFO - amendment_added | act=ACT-PERF | hash=4ae83cfb08f655b9 | author=Author 9
2025-12-03 01:48:52,154 - INFO - amendment_added | act=ACT-PERF | hash=4ae83cfb08f655b9 | author=Author 9
2025-12-03 01:48:52,154 - INFO - amendment_added | act=ACT-PERF | hash=4ae83cfb08f655b9 | author=Author 9
2025-12-03 01:48:52,154 - INFO - amendment_added | act=ACT-PERF | hash=690478d1bdaee0ee | author=Author 10
2025-12-03 01:48:52,154 - INFO - amendment_added | act=ACT-PERF | hash=690478d1bdaee0ee | author=Author 10
2025-12-03 01:48:52,154 - INFO - amendment_added | act=ACT-PERF | hash=690478d1bdaee0ee | author=Author 10
2025-12-03 01:48:52,154 - INFO - amendment_added | act=ACT-PERF | hash=a347fae557499cb3 | author=Author 11
2025-12-03 01:48:52,154 - INFO - amendment_added | act=ACT-PERF | hash=a347fae557499cb3 | author=Author 11
2025-12-03 01:48:52,154 - INFO - amendment_added | act=ACT-PERF | hash=a347fae557499cb3 | author=Author 11
2025-12-03 01:48:52,154 - INFO - amendment_added | act=ACT-PERF | hash=72cf0552c7959c31 | author=Author 12
2025-12-03 01:48:52,154 - INFO - amendment_added | act=ACT-PERF | hash=72cf0552c7959c31 | author=Author 12
2025-12-03 01:48:52,154 - INFO - amendment_added | act=ACT-PERF | hash=72cf0552c7959c31 | author=Author 12
2025-12-03 01:48:52,154 - INFO - amendment_added | act=ACT-PERF | hash=9752ed5e93dde701 | author=Author 13
2025-12-03 01:48:52,154 - INFO - amendment_added | act=ACT-PERF | hash=9752ed5e93dde701 | author=Author 13
2025-12-03 01:48:52,154 - INFO - amendment_added | act=ACT-PERF | hash=9752ed5e93dde701 | author=Author 13
2025-12-03 01:48:52,154 - INFO - amendment_added | act=ACT-PERF | hash=434bff7f2c0e2f2d | author=Author 14
2025-12-03 01:48:52,154 - INFO - amendment_added | act=ACT-PERF | hash=434bff7f2c0e2f2d | author=Author 14
2025-12-03 01:48:52,154 - INFO - amendment_added | act=ACT-PERF | hash=434bff7f2c0e2f2d | author=Author 14
2025-12-03 01:48:52,154 - INFO - amendment_added | act=ACT-PERF | hash=0db5f437518b1587 | author=Author 15
2025-12-03 01:48:52,154 - INFO - amendment_added | act=ACT-PERF | hash=0db5f437518b1587 | author=Author 15
2025-12-03 01:48:52,154 - INFO - amendment_added | act=ACT-PERF | hash=0db5f437518b1587 | author=Author 15
2025-12-03 01:48:52,155 - INFO - amendment_added | act=ACT-PERF | hash=ea62b11dcfca07f6 | author=Author 16
2025-12-03 01:48:52,155 - INFO - amendment_added | act=ACT-PERF | hash=ea62b11dcfca07f6 | author=Author 16
2025-12-03 01:48:52,155 - INFO - amendment_added | act=ACT-PERF | hash=ea62b11dcfca07f6 | author=Author 16
2025-12-03 01:48:52,155 - INFO - amendment_added | act=ACT-PERF | hash=f30750979454e34c | author=Author 17
2025-12-03 01:48:52,155 - INFO - amendment_added | act=ACT-PERF | hash=f30750979454e34c | author=Author 17
2025-12-03 01:48:52,155 - INFO - amendment_added | act=ACT-PERF | hash=f30750979454e34c | author=Author 17
2025-12-03 01:48:52,155 - INFO - amendment_added | act=ACT-PERF | hash=816c143d325b64d1 | author=Author 18
2025-12-03 01:48:52,155 - INFO - amendment_added | act=ACT-PERF | hash=816c143d325b64d1 | author=Author 18
2025-12-03 01:48:52,155 - INFO - amendment_added | act=ACT-PERF | hash=816c143d325b64d1 | author=Author 18
2025-12-03 01:48:52,155 - INFO - amendment_added | act=ACT-PERF | hash=43b06f391d18c349 | author=Author 19
2025-12-03 01:48:52,155 - INFO - amendment_added | act=ACT-PERF | hash=43b06f391d18c349 | author=Author 19
2025-12-03 01:48:52,155 - INFO - amendment_added | act=ACT-PERF | hash=43b06f391d18c349 | author=Author 19
2025-12-03 01:48:52,155 - INFO - amendment_added | act=ACT-PERF | hash=99ca3a880693720b | author=Author 20
2025-12-03 01:48:52,155 - INFO - amendment_added | act=ACT-PERF | hash=99ca3a880693720b | author=Author 20
2025-12-03 01:48:52,155 - INFO - amendment_added | act=ACT-PERF | hash=99ca3a880693720b | author=Author 20
2025-12-03 01:48:52,155 - INFO - amendment_added | act=ACT-PERF | hash=d9af7c7d79cbdbc7 | author=Author 21
2025-12-03 01:48:52,155 - INFO - amendment_added | act=ACT-PERF | hash=d9af7c7d79cbdbc7 | author=Author 21
2025-12-03 01:48:52,155 - INFO - amendment_added | act=ACT-PERF | hash=d9af7c7d79cbdbc7 | author=Author 21
2025-12-03 01:48:52,155 - INFO - amendment_added | act=ACT-PERF | hash=dcb57de8ccf8a707 | author=Author 22
2025-12-03 01:48:52,155 - INFO - amendment_added | act=ACT-PERF | hash=dcb57de8ccf8a707 | author=Author 22
2025-12-03 01:48:52,155 - INFO - amendment_added | act=ACT-PERF | hash=dcb57de8ccf8a707 | author=Author 22
2025-12-03 01:48:52,155 - INFO - amendment_added | act=ACT-PERF | hash=bfe98610c06a7466 | author=Author 23
2025-12-03 01:48:52,155 - INFO - amendment_added | act=ACT-PERF | hash=bfe98610c06a7466 | author=Author 23
2025-12-03 01:48:52,155 - INFO - amendment_added | act=ACT-PERF | hash=bfe98610c06a7466 | author=Author 23
2025-12-03 01:48:52,155 - INFO - amendment_added | act=ACT-PERF | hash=eac80fc115362b1c | author=Author 24
2025-12-03 01:48:52,155 - INFO - amendment_added | act=ACT-PERF | hash=eac80fc115362b1c | author=Author 24
2025-12-03 01:48:52,155 - INFO - amendment_added | act=ACT-PERF | hash=eac80fc115362b1c | author=Author 24
2025-12-03 01:48:52,156 - INFO - amendment_added | act=ACT-PERF | hash=b7d6fc7a4bc77819 | author=Author 25
2025-12-03 01:48:52,156 - INFO - amendment_added | act=ACT-PERF | hash=b7d6fc7a4bc77819 | author=Author 25
2025-12-03 01:48:52,156 - INFO - amendment_added | act=ACT-PERF | hash=b7d6fc7a4bc77819 | author=Author 25
2025-12-03 01:48:52,156 - INFO - amendment_added | act=ACT-PERF | hash=2909904867047400 | author=Author 26
2025-12-03 01:48:52,156 - INFO - amendment_added | act=ACT-PERF | hash=2909904867047400 | author=Author 26
2025-12-03 01:48:52,156 - INFO - amendment_added | act=ACT-PERF | hash=2909904867047400 | author=Author 26
2025-12-03 01:48:52,156 - INFO - amendment_added | act=ACT-PERF | hash=439fbe51952da0b3 | author=Author 27
2025-12-03 01:48:52,156 - INFO - amendment_added | act=ACT-PERF | hash=439fbe51952da0b3 | author=Author 27
2025-12-03 01:48:52,156 - INFO - amendment_added | act=ACT-PERF | hash=439fbe51952da0b3 | author=Author 27
2025-12-03 01:48:52,156 - INFO - amendment_added | act=ACT-PERF | hash=45e15bcded506414 | author=Author 28
2025-12-03 01:48:52,156 - INFO - amendment_added | act=ACT-PERF | hash=45e15bcded506414 | author=Author 28
2025-12-03 01:48:52,156 - INFO - amendment_added | act=ACT-PERF | hash=45e15bcded506414 | author=Author 28
2025-12-03 01:48:52,156 - INFO - amendment_added | act=ACT-PERF | hash=b2fc11a33fc4746b | author=Author 29
2025-12-03 01:48:52,156 - INFO - amendment_added | act=ACT-PERF | hash=b2fc11a33fc4746b | author=Author 29
2025-12-03 01:48:52,156 - INFO - amendment_added | act=ACT-PERF | hash=b2fc11a33fc4746b | author=Author 29
2025-12-03 01:48:52,156 - INFO - amendment_added | act=ACT-PERF | hash=234061190ddfea53 | author=Author 30
2025-12-03 01:48:52,156 - INFO - amendment_added | act=ACT-PERF | hash=234061190ddfea53 | author=Author 30
2025-12-03 01:48:52,156 - INFO - amendment_added | act=ACT-PERF | hash=234061190ddfea53 | author=Author 30
2025-12-03 01:48:52,156 - INFO - amendment_added | act=ACT-PERF | hash=9c004eb3776044e2 | author=Author 31
2025-12-03 01:48:52,156 - INFO - amendment_added | act=ACT-PERF | hash=9c004eb3776044e2 | author=Author 31
2025-12-03 01:48:52,156 - INFO - amendment_added | act=ACT-PERF | hash=9c004eb3776044e2 | author=Author 31
2025-12-03 01:48:52,156 - INFO - amendment_added | act=ACT-PERF | hash=452c3f027e1663cd | author=Author 32
2025-12-03 01:48:52,156 - INFO - amendment_added | act=ACT-PERF | hash=452c3f027e1663cd | author=Author 32
2025-12-03 01:48:52,156 - INFO - amendment_added | act=ACT-PERF | hash=452c3f027e1663cd | author=Author 32
2025-12-03 01:48:52,156 - INFO - amendment_added | act=ACT-PERF | hash=72e8b14903e1f2b4 | author=Author 33
2025-12-03 01:48:52,156 - INFO - amendment_added | act=ACT-PERF | hash=72e8b14903e1f2b4 | author=Author 33
2025-12-03 01:48:52,156 - INFO - amendment_added | act=ACT-PERF | hash=72e8b14903e1f2b4 | author=Author 33
2025-12-03 01:48:52,156 - INFO - amendment_added | act=ACT-PERF | hash=ab66379c2638a339 | author=Author 34
2025-12-03 01:48:52,156 - INFO - amendment_added | act=ACT-PERF | hash=ab66379c2638a339 | author=Author 34
2025-12-03 01:48:52,156 - INFO - amendment_added | act=ACT-PERF | hash=ab66379c2638a339 | author=Author 34
2025-12-03 01:48:52,157 - INFO - amendment_added | act=ACT-PERF | hash=37dde877c5e7241c | author=Author 35
2025-12-03 01:48:52,157 - INFO - amendment_added | act=ACT-PERF | hash=37dde877c5e7241c | author=Author 35
2025-12-03 01:48:52,157 - INFO - amendment_added | act=ACT-PERF | hash=37dde877c5e7241c | author=Author 35
2025-12-03 01:48:52,157 - INFO - amendment_added | act=ACT-PERF | hash=84570ce6b28aed3d | author=Author 36
2025-12-03 01:48:52,157 - INFO - amendment_added | act=ACT-PERF | hash=84570ce6b28aed3d | author=Author 36
2025-12-03 01:48:52,157 - INFO - amendment_added | act=ACT-PERF | hash=84570ce6b28aed3d | author=Author 36
2025-12-03 01:48:52,157 - INFO - amendment_added | act=ACT-PERF | hash=561170a524b3a981 | author=Author 37
2025-12-03 01:48:52,157 - INFO - amendment_added | act=ACT-PERF | hash=561170a524b3a981 | author=Author 37
2025-12-03 01:48:52,157 - INFO - amendment_added | act=ACT-PERF | hash=561170a524b3a981 | author=Author 37
2025-12-03 01:48:52,157 - INFO - amendment_added | act=ACT-PERF | hash=2b64c3c8755557bc | author=Author 38
2025-12-03 01:48:52,157 - INFO - amendment_added | act=ACT-PERF | hash=2b64c3c8755557bc | author=Author 38
2025-12-03 01:48:52,157 - INFO - amendment_added | act=ACT-PERF | hash=2b64c3c8755557bc | author=Author 38
2025-12-03 01:48:52,157 - INFO - amendment_added | act=ACT-PERF | hash=d17a6df059060162 | author=Author 39
2025-12-03 01:48:52,157 - INFO - amendment_added | act=ACT-PERF | hash=d17a6df059060162 | author=Author 39
2025-12-03 01:48:52,157 - INFO - amendment_added | act=ACT-PERF | hash=d17a6df059060162 | author=Author 39
2025-12-03 01:48:52,157 - INFO - amendment_added | act=ACT-PERF | hash=6de776b799346b7f | author=Author 40
2025-12-03 01:48:52,157 - INFO - amendment_added | act=ACT-PERF | hash=6de776b799346b7f | author=Author 40
2025-12-03 01:48:52,157 - INFO - amendment_added | act=ACT-PERF | hash=6de776b799346b7f | author=Author 40
2025-12-03 01:48:52,157 - INFO - amendment_added | act=ACT-PERF | hash=0f5f10700fddc031 | author=Author 41
2025-12-03 01:48:52,157 - INFO - amendment_added | act=ACT-PERF | hash=0f5f10700fddc031 | author=Author 41
2025-12-03 01:48:52,157 - INFO - amendment_added | act=ACT-PERF | hash=0f5f10700fddc031 | author=Author 41
2025-12-03 01:48:52,157 - INFO - amendment_added | act=ACT-PERF | hash=f1c0c0aeb7cde116 | author=Author 42
2025-12-03 01:48:52,157 - INFO - amendment_added | act=ACT-PERF | hash=f1c0c0aeb7cde116 | author=Author 42
2025-12-03 01:48:52,157 - INFO - amendment_added | act=ACT-PERF | hash=f1c0c0aeb7cde116 | author=Author 42
2025-12-03 01:48:52,157 - INFO - amendment_added | act=ACT-PERF | hash=fc2ad833942363e6 | author=Author 43
2025-12-03 01:48:52,157 - INFO - amendment_added | act=ACT-PERF | hash=fc2ad833942363e6 | author=Author 43
2025-12-03 01:48:52,157 - INFO - amendment_added | act=ACT-PERF | hash=fc2ad833942363e6 | author=Author 43
2025-12-03 01:48:52,158 - INFO - amendment_added | act=ACT-PERF | hash=2ce3bc00e58dda61 | author=Author 44
2025-12-03 01:48:52,158 - INFO - amendment_added | act=ACT-PERF | hash=2ce3bc00e58dda61 | author=Author 44
2025-12-03 01:48:52,158 - INFO - amendment_added | act=ACT-PERF | hash=2ce3bc00e58dda61 | author=Author 44
2025-12-03 01:48:52,158 - INFO - amendment_added | act=ACT-PERF | hash=1375367afb53c191 | author=Author 45
2025-12-03 01:48:52,158 - INFO - amendment_added | act=ACT-PERF | hash=1375367afb53c191 | author=Author 45
2025-12-03 01:48:52,158 - INFO - amendment_added | act=ACT-PERF | hash=1375367afb53c191 | author=Author 45
2025-12-03 01:48:52,158 - INFO - amendment_added | act=ACT-PERF | hash=fda635bc5023e98a | author=Author 46
2025-12-03 01:48:52,158 - INFO - amendment_added | act=ACT-PERF | hash=fda635bc5023e98a | author=Author 46
2025-12-03 01:48:52,158 - INFO - amendment_added | act=ACT-PERF | hash=fda635bc5023e98a | author=Author 46
2025-12-03 01:48:52,158 - INFO - amendment_added | act=ACT-PERF | hash=3be469891a42adc0 | author=Author 47
2025-12-03 01:48:52,158 - INFO - amendment_added | act=ACT-PERF | hash=3be469891a42adc0 | author=Author 47
2025-12-03 01:48:52,158 - INFO - amendment_added | act=ACT-PERF | hash=3be469891a42adc0 | author=Author 47
2025-12-03 01:48:52,158 - INFO - amendment_added | act=ACT-PERF | hash=37a647ccee1828fc | author=Author 48
2025-12-03 01:48:52,158 - INFO - amendment_added | act=ACT-PERF | hash=37a647ccee1828fc | author=Author 48
2025-12-03 01:48:52,158 - INFO - amendment_added | act=ACT-PERF | hash=37a647ccee1828fc | author=Author 48
2025-12-03 01:48:52,158 - INFO - amendment_added | act=ACT-PERF | hash=8d52dd5156fcfdeb | author=Author 49
2025-12-03 01:48:52,158 - INFO - amendment_added | act=ACT-PERF | hash=8d52dd5156fcfdeb | author=Author 49
2025-12-03 01:48:52,158 - INFO - amendment_added | act=ACT-PERF | hash=8d52dd5156fcfdeb | author=Author 49
2025-12-03 01:48:52,158 - INFO - amendment_added | act=ACT-PERF | hash=d53973611a84c91f | author=Author 50
2025-12-03 01:48:52,158 - INFO - amendment_added | act=ACT-PERF | hash=d53973611a84c91f | author=Author 50
2025-12-03 01:48:52,158 - INFO - amendment_added | act=ACT-PERF | hash=d53973611a84c91f | author=Author 50
2025-12-03 01:48:52,158 - INFO - amendment_added | act=ACT-PERF | hash=2ddbdbc1555b46f2 | author=Author 51
2025-12-03 01:48:52,158 - INFO - amendment_added | act=ACT-PERF | hash=2ddbdbc1555b46f2 | author=Author 51
2025-12-03 01:48:52,158 - INFO - amendment_added | act=ACT-PERF | hash=2ddbdbc1555b46f2 | author=Author 51
2025-12-03 01:48:52,158 - INFO - amendment_added | act=ACT-PERF | hash=47d5274ae5aaa578 | author=Author 52
2025-12-03 01:48:52,158 - INFO - amendment_added | act=ACT-PERF | hash=47d5274ae5aaa578 | author=Author 52
2025-12-03 01:48:52,158 - INFO - amendment_added | act=ACT-PERF | hash=47d5274ae5aaa578 | author=Author 52
2025-12-03 01:48:52,158 - INFO - amendment_added | act=ACT-PERF | hash=6c7facde2eb57582 | author=Author 53
2025-12-03 01:48:52,158 - INFO - amendment_added | act=ACT-PERF | hash=6c7facde2eb57582 | author=Author 53
2025-12-03 01:48:52,158 - INFO - amendment_added | act=ACT-PERF | hash=6c7facde2eb57582 | author=Author 53
2025-12-03 01:48:52,159 - INFO - amendment_added | act=ACT-PERF | hash=bb6b99c035dcd36a | author=Author 54
2025-12-03 01:48:52,159 - INFO - amendment_added | act=ACT-PERF | hash=bb6b99c035dcd36a | author=Author 54
2025-12-03 01:48:52,159 - INFO - amendment_added | act=ACT-PERF | hash=bb6b99c035dcd36a | author=Author 54
2025-12-03 01:48:52,159 - INFO - amendment_added | act=ACT-PERF | hash=58dcf87fabe2712c | author=Author 55
2025-12-03 01:48:52,159 - INFO - amendment_added | act=ACT-PERF | hash=58dcf87fabe2712c | author=Author 55
2025-12-03 01:48:52,159 - INFO - amendment_added | act=ACT-PERF | hash=58dcf87fabe2712c | author=Author 55
2025-12-03 01:48:52,159 - INFO - amendment_added | act=ACT-PERF | hash=3e2b68c1c324305d | author=Author 56
2025-12-03 01:48:52,159 - INFO - amendment_added | act=ACT-PERF | hash=3e2b68c1c324305d | author=Author 56
2025-12-03 01:48:52,159 - INFO - amendment_added | act=ACT-PERF | hash=3e2b68c1c324305d | author=Author 56
2025-12-03 01:48:52,159 - INFO - amendment_added | act=ACT-PERF | hash=da80429bd99226d3 | author=Author 57
2025-12-03 01:48:52,159 - INFO - amendment_added | act=ACT-PERF | hash=da80429bd99226d3 | author=Author 57
2025-12-03 01:48:52,159 - INFO - amendment_added | act=ACT-PERF | hash=da80429bd99226d3 | author=Author 57
2025-12-03 01:48:52,159 - INFO - amendment_added | act=ACT-PERF | hash=0e3e163584f26906 | author=Author 58
2025-12-03 01:48:52,159 - INFO - amendment_added | act=ACT-PERF | hash=0e3e163584f26906 | author=Author 58
2025-12-03 01:48:52,159 - INFO - amendment_added | act=ACT-PERF | hash=0e3e163584f26906 | author=Author 58
2025-12-03 01:48:52,159 - INFO - amendment_added | act=ACT-PERF | hash=aa03fe4d4c266e0c | author=Author 59
2025-12-03 01:48:52,159 - INFO - amendment_added | act=ACT-PERF | hash=aa03fe4d4c266e0c | author=Author 59
2025-12-03 01:48:52,159 - INFO - amendment_added | act=ACT-PERF | hash=aa03fe4d4c266e0c | author=Author 59
2025-12-03 01:48:52,159 - INFO - amendment_added | act=ACT-PERF | hash=190e843244a2304c | author=Author 60
2025-12-03 01:48:52,159 - INFO - amendment_added | act=ACT-PERF | hash=190e843244a2304c | author=Author 60
2025-12-03 01:48:52,159 - INFO - amendment_added | act=ACT-PERF | hash=190e843244a2304c | author=Author 60
2025-12-03 01:48:52,159 - INFO - amendment_added | act=ACT-PERF | hash=d2436a25296930e3 | author=Author 61
2025-12-03 01:48:52,159 - INFO - amendment_added | act=ACT-PERF | hash=d2436a25296930e3 | author=Author 61
2025-12-03 01:48:52,159 - INFO - amendment_added | act=ACT-PERF | hash=d2436a25296930e3 | author=Author 61
2025-12-03 01:48:52,159 - INFO - amendment_added | act=ACT-PERF | hash=5f6586fc692774b2 | author=Author 62
2025-12-03 01:48:52,159 - INFO - amendment_added | act=ACT-PERF | hash=5f6586fc692774b2 | author=Author 62
2025-12-03 01:48:52,159 - INFO - amendment_added | act=ACT-PERF | hash=5f6586fc692774b2 | author=Author 62
2025-12-03 01:48:52,159 - INFO - amendment_added | act=ACT-PERF | hash=6dca1e66719f0f6d | author=Author 63
2025-12-03 01:48:52,159 - INFO - amendment_added | act=ACT-PERF | hash=6dca1e66719f0f6d | author=Author 63
2025-12-03 01:48:52,159 - INFO - amendment_added | act=ACT-PERF | hash=6dca1e66719f0f6d | author=Author 63
2025-12-03 01:48:52,160 - INFO - amendment_added | act=ACT-PERF | hash=63f149fdcc9660ce | author=Author 64
2025-12-03 01:48:52,160 - INFO - amendment_added | act=ACT-PERF | hash=63f149fdcc9660ce | author=Author 64
2025-12-03 01:48:52,160 - INFO - amendment_added | act=ACT-PERF | hash=63f149fdcc9660ce | author=Author 64
2025-12-03 01:48:52,160 - INFO - amendment_added | act=ACT-PERF | hash=e8562c80f57fa208 | author=Author 65
2025-12-03 01:48:52,160 - INFO - amendment_added | act=ACT-PERF | hash=e8562c80f57fa208 | author=Author 65
2025-12-03 01:48:52,160 - INFO - amendment_added | act=ACT-PERF | hash=e8562c80f57fa208 | author=Author 65
2025-12-03 01:48:52,160 - INFO - amendment_added | act=ACT-PERF | hash=cfa4ec60eaf3f460 | author=Author 66
2025-12-03 01:48:52,160 - INFO - amendment_added | act=ACT-PERF | hash=cfa4ec60eaf3f460 | author=Author 66
2025-12-03 01:48:52,160 - INFO - amendment_added | act=ACT-PERF | hash=cfa4ec60eaf3f460 | author=Author 66
2025-12-03 01:48:52,160 - INFO - amendment_added | act=ACT-PERF | hash=df1147f6b338130b | author=Author 67
2025-12-03 01:48:52,160 - INFO - amendment_added | act=ACT-PERF | hash=df1147f6b338130b | author=Author 67
2025-12-03 01:48:52,160 - INFO - amendment_added | act=ACT-PERF | hash=df1147f6b338130b | author=Author 67
2025-12-03 01:48:52,160 - INFO - amendment_added | act=ACT-PERF | hash=3b07fa0f7728b2d4 | author=Author 68
2025-12-03 01:48:52,160 - INFO - amendment_added | act=ACT-PERF | hash=3b07fa0f7728b2d4 | author=Author 68
2025-12-03 01:48:52,160 - INFO - amendment_added | act=ACT-PERF | hash=3b07fa0f7728b2d4 | author=Author 68
2025-12-03 01:48:52,160 - INFO - amendment_added | act=ACT-PERF | hash=783ddd685b3dc350 | author=Author 69
2025-12-03 01:48:52,160 - INFO - amendment_added | act=ACT-PERF | hash=783ddd685b3dc350 | author=Author 69
2025-12-03 01:48:52,160 - INFO - amendment_added | act=ACT-PERF | hash=783ddd685b3dc350 | author=Author 69
2025-12-03 01:48:52,160 - INFO - amendment_added | act=ACT-PERF | hash=5228187000aab24e | author=Author 70
2025-12-03 01:48:52,160 - INFO - amendment_added | act=ACT-PERF | hash=5228187000aab24e | author=Author 70
2025-12-03 01:48:52,160 - INFO - amendment_added | act=ACT-PERF | hash=5228187000aab24e | author=Author 70
2025-12-03 01:48:52,160 - INFO - amendment_added | act=ACT-PERF | hash=20eaeb3dc647ceff | author=Author 71
2025-12-03 01:48:52,160 - INFO - amendment_added | act=ACT-PERF | hash=20eaeb3dc647ceff | author=Author 71
2025-12-03 01:48:52,160 - INFO - amendment_added | act=ACT-PERF | hash=20eaeb3dc647ceff | author=Author 71
2025-12-03 01:48:52,160 - INFO - amendment_added | act=ACT-PERF | hash=e24acb83a4db21fc | author=Author 72
2025-12-03 01:48:52,160 - INFO - amendment_added | act=ACT-PERF | hash=e24acb83a4db21fc | author=Author 72
2025-12-03 01:48:52,160 - INFO - amendment_added | act=ACT-PERF | hash=e24acb83a4db21fc | author=Author 72
2025-12-03 01:48:52,160 - INFO - amendment_added | act=ACT-PERF | hash=3e5794b9dac003ec | author=Author 73
2025-12-03 01:48:52,160 - INFO - amendment_added | act=ACT-PERF | hash=3e5794b9dac003ec | author=Author 73
2025-12-03 01:48:52,160 - INFO - amendment_added | act=ACT-PERF | hash=3e5794b9dac003ec | author=Author 73
2025-12-03 01:48:52,160 - INFO - amendment_added | act=ACT-PERF | hash=6dc43dcb61a6f76a | author=Author 74
2025-12-03 01:48:52,160 - INFO - amendment_added | act=ACT-PERF | hash=6dc43dcb61a6f76a | author=Author 74
2025-12-03 01:48:52,160 - INFO - amendment_added | act=ACT-PERF | hash=6dc43dcb61a6f76a | author=Author 74
2025-12-03 01:48:52,161 - INFO - amendment_added | act=ACT-PERF | hash=ebf78f14508a9447 | author=Author 75
2025-12-03 01:48:52,161 - INFO - amendment_added | act=ACT-PERF | hash=ebf78f14508a9447 | author=Author 75
2025-12-03 01:48:52,161 - INFO - amendment_added | act=ACT-PERF | hash=ebf78f14508a9447 | author=Author 75
2025-12-03 01:48:52,161 - INFO - amendment_added | act=ACT-PERF | hash=fa8d16f4766407af | author=Author 76
2025-12-03 01:48:52,161 - INFO - amendment_added | act=ACT-PERF | hash=fa8d16f4766407af | author=Author 76
2025-12-03 01:48:52,161 - INFO - amendment_added | act=ACT-PERF | hash=fa8d16f4766407af | author=Author 76
2025-12-03 01:48:52,161 - INFO - amendment_added | act=ACT-PERF | hash=d141e29bfd261796 | author=Author 77
2025-12-03 01:48:52,161 - INFO - amendment_added | act=ACT-PERF | hash=d141e29bfd261796 | author=Author 77
2025-12-03 01:48:52,161 - INFO - amendment_added | act=ACT-PERF | hash=d141e29bfd261796 | author=Author 77
2025-12-03 01:48:52,161 - INFO - amendment_added | act=ACT-PERF | hash=c3b53f1de82cb40d | author=Author 78
2025-12-03 01:48:52,161 - INFO - amendment_added | act=ACT-PERF | hash=c3b53f1de82cb40d | author=Author 78
2025-12-03 01:48:52,161 - INFO - amendment_added | act=ACT-PERF | hash=c3b53f1de82cb40d | author=Author 78
2025-12-03 01:48:52,161 - INFO - amendment_added | act=ACT-PERF | hash=eea4f49e37d4f687 | author=Author 79
2025-12-03 01:48:52,161 - INFO - amendment_added | act=ACT-PERF | hash=eea4f49e37d4f687 | author=Author 79
2025-12-03 01:48:52,161 - INFO - amendment_added | act=ACT-PERF | hash=eea4f49e37d4f687 | author=Author 79
2025-12-03 01:48:52,161 - INFO - amendment_added | act=ACT-PERF | hash=10961966fea4327d | author=Author 80
2025-12-03 01:48:52,161 - INFO - amendment_added | act=ACT-PERF | hash=10961966fea4327d | author=Author 80
2025-12-03 01:48:52,161 - INFO - amendment_added | act=ACT-PERF | hash=10961966fea4327d | author=Author 80
2025-12-03 01:48:52,161 - INFO - amendment_added | act=ACT-PERF | hash=2d6301109429951e | author=Author 81
2025-12-03 01:48:52,161 - INFO - amendment_added | act=ACT-PERF | hash=2d6301109429951e | author=Author 81
2025-12-03 01:48:52,161 - INFO - amendment_added | act=ACT-PERF | hash=2d6301109429951e | author=Author 81
2025-12-03 01:48:52,161 - INFO - amendment_added | act=ACT-PERF | hash=41d6d0cf244d75d2 | author=Author 82
2025-12-03 01:48:52,161 - INFO - amendment_added | act=ACT-PERF | hash=41d6d0cf244d75d2 | author=Author 82
2025-12-03 01:48:52,161 - INFO - amendment_added | act=ACT-PERF | hash=41d6d0cf244d75d2 | author=Author 82
2025-12-03 01:48:52,161 - INFO - amendment_added | act=ACT-PERF | hash=1a8ad560fb3a100f | author=Author 83
2025-12-03 01:48:52,161 - INFO - amendment_added | act=ACT-PERF | hash=1a8ad560fb3a100f | author=Author 83
2025-12-03 01:48:52,161 - INFO - amendment_added | act=ACT-PERF | hash=1a8ad560fb3a100f | author=Author 83
2025-12-03 01:48:52,161 - INFO - amendment_added | act=ACT-PERF | hash=94e7232636222e75 | author=Author 84
2025-12-03 01:48:52,161 - INFO - amendment_added | act=ACT-PERF | hash=94e7232636222e75 | author=Author 84
2025-12-03 01:48:52,161 - INFO - amendment_added | act=ACT-PERF | hash=94e7232636222e75 | author=Author 84
2025-12-03 01:48:52,162 - INFO - amendment_added | act=ACT-PERF | hash=2d4bdf96deb82617 | author=Author 85
2025-12-03 01:48:52,162 - INFO - amendment_added | act=ACT-PERF | hash=2d4bdf96deb82617 | author=Author 85
2025-12-03 01:48:52,162 - INFO - amendment_added | act=ACT-PERF | hash=2d4bdf96deb82617 | author=Author 85
2025-12-03 01:48:52,162 - INFO - amendment_added | act=ACT-PERF | hash=6f06c44a58c2cb9f | author=Author 86
2025-12-03 01:48:52,162 - INFO - amendment_added | act=ACT-PERF | hash=6f06c44a58c2cb9f | author=Author 86
2025-12-03 01:48:52,162 - INFO - amendment_added | act=ACT-PERF | hash=6f06c44a58c2cb9f | author=Author 86
2025-12-03 01:48:52,162 - INFO - amendment_added | act=ACT-PERF | hash=7f746bbfccc00339 | author=Author 87
2025-12-03 01:48:52,162 - INFO - amendment_added | act=ACT-PERF | hash=7f746bbfccc00339 | author=Author 87
2025-12-03 01:48:52,162 - INFO - amendment_added | act=ACT-PERF | hash=7f746bbfccc00339 | author=Author 87
2025-12-03 01:48:52,162 - INFO - amendment_added | act=ACT-PERF | hash=ae901c7b25e0f0e3 | author=Author 88
2025-12-03 01:48:52,162 - INFO - amendment_added | act=ACT-PERF | hash=ae901c7b25e0f0e3 | author=Author 88
2025-12-03 01:48:52,162 - INFO - amendment_added | act=ACT-PERF | hash=ae901c7b25e0f0e3 | author=Author 88
2025-12-03 01:48:52,162 - INFO - amendment_added | act=ACT-PERF | hash=e11ab12a0914f110 | author=Author 89
2025-12-03 01:48:52,162 - INFO - amendment_added | act=ACT-PERF | hash=e11ab12a0914f110 | author=Author 89
2025-12-03 01:48:52,162 - INFO - amendment_added | act=ACT-PERF | hash=e11ab12a0914f110 | author=Author 89
2025-12-03 01:48:52,162 - INFO - amendment_added | act=ACT-PERF | hash=c04de25723230bd4 | author=Author 90
2025-12-03 01:48:52,162 - INFO - amendment_added | act=ACT-PERF | hash=c04de25723230bd4 | author=Author 90
2025-12-03 01:48:52,162 - INFO - amendment_added | act=ACT-PERF | hash=c04de25723230bd4 | author=Author 90
2025-12-03 01:48:52,162 - INFO - amendment_added | act=ACT-PERF | hash=f3c3d6599b7d7a32 | author=Author 91
2025-12-03 01:48:52,162 - INFO - amendment_added | act=ACT-PERF | hash=f3c3d6599b7d7a32 | author=Author 91
2025-12-03 01:48:52,162 - INFO - amendment_added | act=ACT-PERF | hash=f3c3d6599b7d7a32 | author=Author 91
2025-12-03 01:48:52,162 - INFO - amendment_added | act=ACT-PERF | hash=7cc5b00ce76e786e | author=Author 92
2025-12-03 01:48:52,162 - INFO - amendment_added | act=ACT-PERF | hash=7cc5b00ce76e786e | author=Author 92
2025-12-03 01:48:52,162 - INFO - amendment_added | act=ACT-PERF | hash=7cc5b00ce76e786e | author=Author 92
2025-12-03 01:48:52,162 - INFO - amendment_added | act=ACT-PERF | hash=f3d94c6269397846 | author=Author 93
2025-12-03 01:48:52,162 - INFO - amendment_added | act=ACT-PERF | hash=f3d94c6269397846 | author=Author 93
2025-12-03 01:48:52,162 - INFO - amendment_added | act=ACT-PERF | hash=f3d94c6269397846 | author=Author 93
2025-12-03 01:48:52,162 - INFO - amendment_added | act=ACT-PERF | hash=adfabc93269ebfca | author=Author 94
2025-12-03 01:48:52,162 - INFO - amendment_added | act=ACT-PERF | hash=adfabc93269ebfca | author=Author 94
2025-12-03 01:48:52,162 - INFO - amendment_added | act=ACT-PERF | hash=adfabc93269ebfca | author=Author 94
2025-12-03 01:48:52,163 - INFO - amendment_added | act=ACT-PERF | hash=2843dfaaecbe151f | author=Author 95
2025-12-03 01:48:52,163 - INFO - amendment_added | act=ACT-PERF | hash=2843dfaaecbe151f | author=Author 95
2025-12-03 01:48:52,163 - INFO - amendment_added | act=ACT-PERF | hash=2843dfaaecbe151f | author=Author 95
2025-12-03 01:48:52,163 - INFO - amendment_added | act=ACT-PERF | hash=f21c51dce4f942e3 | author=Author 96
2025-12-03 01:48:52,163 - INFO - amendment_added | act=ACT-PERF | hash=f21c51dce4f942e3 | author=Author 96
2025-12-03 01:48:52,163 - INFO - amendment_added | act=ACT-PERF | hash=f21c51dce4f942e3 | author=Author 96
2025-12-03 01:48:52,163 - INFO - amendment_added | act=ACT-PERF | hash=090c59be6229a133 | author=Author 97
2025-12-03 01:48:52,163 - INFO - amendment_added | act=ACT-PERF | hash=090c59be6229a133 | author=Author 97
2025-12-03 01:48:52,163 - INFO - amendment_added | act=ACT-PERF | hash=090c59be6229a133 | author=Author 97
2025-12-03 01:48:52,163 - INFO - amendment_added | act=ACT-PERF | hash=2f38c52692c07b5a | author=Author 98
2025-12-03 01:48:52,163 - INFO - amendment_added | act=ACT-PERF | hash=2f38c52692c07b5a | author=Author 98
2025-12-03 01:48:52,163 - INFO - amendment_added | act=ACT-PERF | hash=2f38c52692c07b5a | author=Author 98
2025-12-03 01:48:52,164 - INFO - amendment_added | act=ACT-PERF | hash=dcc600dc87b647f8 | author=Author 99
2025-12-03 01:48:52,164 - INFO - amendment_added | act=ACT-PERF | hash=dcc600dc87b647f8 | author=Author 99
2025-12-03 01:48:52,164 - INFO - amendment_added | act=ACT-PERF | hash=dcc600dc87b647f8 | author=Author 99
2025-12-03 01:48:52,165 - INFO - amendment_added | act=ACT-INT | hash=2af133db2fd22571 | author=Author 0
2025-12-03 01:48:52,165 - INFO - amendment_added | act=ACT-INT | hash=2af133db2fd22571 | author=Author 0
2025-12-03 01:48:52,165 - INFO - amendment_added | act=ACT-INT | hash=2af133db2fd22571 | author=Author 0
2025-12-03 01:48:52,165 - INFO - amendment_added | act=ACT-INT | hash=2af133db2fd22571 | author=Author 0
2025-12-03 01:48:52,165 - INFO - amendment_added | act=ACT-INT | hash=ee9d92deeb8e7c95 | author=Author 1
2025-12-03 01:48:52,165 - INFO - amendment_added | act=ACT-INT | hash=ee9d92deeb8e7c95 | author=Author 1
2025-12-03 01:48:52,165 - INFO - amendment_added | act=ACT-INT | hash=ee9d92deeb8e7c95 | author=Author 1
2025-12-03 01:48:52,165 - INFO - amendment_added | act=ACT-INT | hash=ee9d92deeb8e7c95 | author=Author 1
2025-12-03 01:48:52,165 - INFO - amendment_added | act=ACT-INT | hash=b7a107d4c5603d0c | author=Author 2
2025-12-03 01:48:52,165 - INFO - amendment_added | act=ACT-INT | hash=b7a107d4c5603d0c | author=Author 2
2025-12-03 01:48:52,165 - INFO - amendment_added | act=ACT-INT | hash=b7a107d4c5603d0c | author=Author 2
2025-12-03 01:48:52,165 - INFO - amendment_added | act=ACT-INT | hash=b7a107d4c5603d0c | author=Author 2
2025-12-03 01:48:52,166 - INFO - chain_verified | act=ACT-INT | status=valid | amendments=3
2025-12-03 01:48:52,166 - INFO - chain_verified | act=ACT-INT | status=valid | amendments=3
2025-12-03 01:48:52,166 - INFO - chain_verified | act=ACT-INT | status=valid | amendments=3
2025-12-03 01:48:52,166 - INFO - chain_verified | act=ACT-INT | status=valid | amendments=3
2025-12-03 01:48:52,167 - INFO - amendment_added | act=ACT-001 | hash=3e600af8ff329e65 | author=Author 0
2025-12-03 01:48:52,167 - INFO - amendment_added | act=ACT-001 | hash=3e600af8ff329e65 | author=Author 0
2025-12-03 01:48:52,167 - INFO - amendment_added | act=ACT-001 | hash=3e600af8ff329e65 | author=Author 0
2025-12-03 01:48:52,167 - INFO - amendment_added | act=ACT-001 | hash=3e600af8ff329e65 | author=Author 0
2025-12-03 01:48:52,167 - INFO - amendment_added | act=ACT-001 | hash=3e600af8ff329e65 | author=Author 0
2025-12-03 01:48:52,168 - INFO - amendment_added | act=ACT-001 | hash=f262894996e5911d | author=Author 1
2025-12-03 01:48:52,168 - INFO - amendment_added | act=ACT-001 | hash=f262894996e5911d | author=Author 1
2025-12-03 01:48:52,168 - INFO - amendment_added | act=ACT-001 | hash=f262894996e5911d | author=Author 1
2025-12-03 01:48:52,168 - INFO - amendment_added | act=ACT-001 | hash=f262894996e5911d | author=Author 1
2025-12-03 01:48:52,168 - INFO - amendment_added | act=ACT-001 | hash=f262894996e5911d | author=Author 1
2025-12-03 01:48:52,168 - INFO - amendment_added | act=ACT-001 | hash=38fecce0eaacd013 | author=Author 2
2025-12-03 01:48:52,168 - INFO - amendment_added | act=ACT-001 | hash=38fecce0eaacd013 | author=Author 2
2025-12-03 01:48:52,168 - INFO - amendment_added | act=ACT-001 | hash=38fecce0eaacd013 | author=Author 2
2025-12-03 01:48:52,168 - INFO - amendment_added | act=ACT-001 | hash=38fecce0eaacd013 | author=Author 2
2025-12-03 01:48:52,168 - INFO - amendment_added | act=ACT-001 | hash=38fecce0eaacd013 | author=Author 2
2025-12-03 01:48:52,168 - INFO - amendment_added | act=ACT-001 | hash=901d578341069894 | author=Author 3
2025-12-03 01:48:52,168 - INFO - amendment_added | act=ACT-001 | hash=901d578341069894 | author=Author 3
2025-12-03 01:48:52,168 - INFO - amendment_added | act=ACT-001 | hash=901d578341069894 | author=Author 3
2025-12-03 01:48:52,168 - INFO - amendment_added | act=ACT-001 | hash=901d578341069894 | author=Author 3
2025-12-03 01:48:52,168 - INFO - amendment_added | act=ACT-001 | hash=901d578341069894 | author=Author 3
2025-12-03 01:48:52,168 - INFO - amendment_added | act=ACT-001 | hash=6873abb7420cb002 | author=Author 4
2025-12-03 01:48:52,168 - INFO - amendment_added | act=ACT-001 | hash=6873abb7420cb002 | author=Author 4
2025-12-03 01:48:52,168 - INFO - amendment_added | act=ACT-001 | hash=6873abb7420cb002 | author=Author 4
2025-12-03 01:48:52,168 - INFO - amendment_added | act=ACT-001 | hash=6873abb7420cb002 | author=Author 4
2025-12-03 01:48:52,168 - INFO - amendment_added | act=ACT-001 | hash=6873abb7420cb002 | author=Author 4
2025-12-03 01:48:52,168 - INFO - chain_verified | act=ACT-001 | status=valid | amendments=5
2025-12-03 01:48:52,168 - INFO - chain_verified | act=ACT-001 | status=valid | amendments=5
2025-12-03 01:48:52,168 - INFO - chain_verified | act=ACT-001 | status=valid | amendments=5
2025-12-03 01:48:52,168 - INFO - chain_verified | act=ACT-001 | status=valid | amendments=5
2025-12-03 01:48:52,168 - INFO - chain_verified | act=ACT-001 | status=valid | amendments=5
2025-12-03 01:48:52,169 - INFO - amendment_added | act=ACT-002 | hash=d525f8c8be7ecc26 | author=Author
2025-12-03 01:48:52,169 - INFO - amendment_added | act=ACT-002 | hash=d525f8c8be7ecc26 | author=Author
2025-12-03 01:48:52,169 - INFO - amendment_added | act=ACT-002 | hash=d525f8c8be7ecc26 | author=Author
2025-12-03 01:48:52,169 - INFO - amendment_added | act=ACT-002 | hash=d525f8c8be7ecc26 | author=Author
2025-12-03 01:48:52,169 - INFO - amendment_added | act=ACT-002 | hash=d525f8c8be7ecc26 | author=Author
2025-12-03 01:48:52,169 - INFO - amendment_added | act=ACT-002 | hash=d525f8c8be7ecc26 | author=Author
2025-12-03 01:48:52,169 - INFO - tampering_detected | act=ACT-002 | node=0 | reason=hash_mismatch
2025-12-03 01:48:52,169 - INFO - tampering_detected | act=ACT-002 | node=0 | reason=hash_mismatch
2025-12-03 01:48:52,169 - INFO - tampering_detected | act=ACT-002 | node=0 | reason=hash_mismatch
2025-12-03 01:48:52,169 - INFO - tampering_detected | act=ACT-002 | node=0 | reason=hash_mismatch
2025-12-03 01:48:52,169 - INFO - tampering_detected | act=ACT-002 | node=0 | reason=hash_mismatch
2025-12-03 01:48:52,169 - INFO - tampering_detected | act=ACT-002 | node=0 | reason=hash_mismatch
2025-12-03 01:48:58,278 - INFO - amendment_added | act=TEST | hash=ce3e3e2228a864b8 | author=Test Author
2025-12-03 01:48:58,278 - INFO - chain_verified | act=TEST | status=valid | amendments=1
