2025-12-03 01:48:33,634 - INFO - amendment_added | act=ACT-001 | hash=016471b0350925e2 | author=Author 0
2025-12-03 01:48:33,635 - INFO - amendment_added | act=ACT-001 | hash=c1314c3c893a7879 | author=Author 1
2025-12-03 01:48:33,635 - INFO - amendment_added | act=ACT-001 | hash=3e124bf75263ee50 | author=Author 2
2025-12-03 01:48:33,635 - INFO - amendment_added | act=ACT-001 | hash=1b5c0d2d017bf483 | author=Author 3
2025-12-03 01:48:33,635 - INFO - amendment_added | act=ACT-001 | hash=952cffff3152b7bc | author=Author 4
2025-12-03 01:48:33,635 - INFO - chain_verified | act=ACT-001 | status=valid | amendments=5
2025-12-03 01:48:33,636 - INFO - amendment_added | act=ACT-002 | hash=56b2229bfaaeb46d | author=Author
2025-12-03 01:48:33,636 - INFO - amendment_added | act=ACT-002 | hash=56b2229bfaaeb46d | author=Author
2025-12-03 01:48:33,636 - INFO - tampering_detected | act=ACT-002 | node=0 | reason=hash_mismatch
2025-12-03 01:48:33,636 - INFO - tampering_detected | act=ACT-002 | node=0 | reason=hash_mismatch
2025-12-03 01:48:33,643 - INFO - amendment_added | act=ACT-TEST | hash=7874edeb03f07a56 | author=Author
2025-12-03 01:48:33,643 - INFO - amendment_added | act=ACT-TEST | hash=7874edeb03f07a56 | author=Author
2025-12-03 01:48:33,643 - INFO - amendment_added | act=ACT-TEST | hash=7874edeb03f07a56 | author=Author
2025-12-03 01:48:33,643 - INFO - chain_verified | act=ACT-TEST | status=valid | amendments=1
2025-12-03 01:48:33,643 - INFO - chain_verified | act=ACT-TEST | status=valid | amendments=1
2025-12-03 01:48:33,643 - INFO - chain_verified | act=ACT-TEST | status=valid | amendments=1
2025-12-03 01:48:33,644 - INFO - amendment_added | act=ACT-SEC | hash=fd12e5db60d7dd2e | author=Author
2025-12-03 01:48:33,644 - INFO - amendment_added | act=ACT-SEC | hash=fd12e5db60d7dd2e | author=Author
2025-12-03 01:48:33,644 - INFO - amendment_added | act=ACT-SEC | hash=fd12e5db60d7dd2e | author=Author
2025-12-03 01:48:33,644 - INFO - amendment_added | act=ACT-SEC | hash=fd12e5db60d7dd2e | author=Author
2025-12-03 01:48:33,644 - INFO - tampering_detected | act=ACT-SEC | node=0 | reason=hash_mismatch
2025-12-03 01:48:33,644 - INFO - tampering_detected | act=ACT-SEC | node=0 | reason=hash_mismatch
2025-12-03 01:48:33,644 - INFO - tampering_detected | act=ACT-SEC | node=0 | reason=hash_mismatch
2025-12-03 01:48:33,644 - INFO - tampering_detected | act=ACT-SEC | node=0 | reason=hash_mismatch
2025-12-03 01:48:33,644 - INFO - amendment_added | act=ACT-PERF | hash=c52dc6a2f3be78a3 | author=Author 0
2025-12-03 01:48:33,644 - INFO - amendment_added | act=ACT-PERF | hash=c52dc6a2f3be78a3 | author=Author 0
2025-12-03 01:48:33,644 - INFO - amendment_added | act=ACT-PERF | hash=c52dc6a2f3be78a3 | author=Author 0
2025-12-03 01:48:33,644 - INFO - amendment_added | act=ACT-PERF | hash=c52dc6a2f3be78a3 | author=Author 0
2025-12-03 01:48:33,644 - INFO - amendment_added | act=ACT-PERF | hash=c52dc6a2f3be78a3 | author=Author 0
2025-12-03 01:48:33,645 - INFO - amendment_added | act=ACT-PERF | hash=bf5a774b8488f43b | author=Author 1
2025-12-03 01:48:33,645 - INFO - amendment_added | act=ACT-PERF | hash=bf5a774b8488f43b | author=Author 1
2025-12-03 01:48:33,645 - INFO - amendment_added | act=ACT-PERF | hash=bf5a774b8488f43b | author=Author 1
2025-12-03 01:48:33,645 - INFO - amendment_added | act=ACT-PERF | hash=bf5a774b8488f43b | author=Author 1
2025-12-03 01:48:33,645 - INFO - amendment_added | act=ACT-PERF | hash=bf5a774b8488f43b | author=Author 1
2025-12-03 01:48:33,645 - INFO - amendment_added | act=ACT-PERF | hash=99c6f9750a3e69ff | author=Author 2
2025-12-03 01:48:33,645 - INFO - amendment_added | act=ACT-PERF | hash=99c6f9750a3e69ff | author=Author 2
2025-12-03 01:48:33,645 - INFO - amendment_added | act=ACT-PERF | hash=99c6f9750a3e69ff | author=Author 2
2025-12-03 01:48:33,645 - INFO - amendment_added | act=ACT-PERF | hash=99c6f9750a3e69ff | author=Author 2
2025-12-03 01:48:33,645 - INFO - amendment_added | act=ACT-PERF | hash=99c6f9750a3e69ff | author=Author 2
2025-12-03 01:48:33,645 - INFO - amendment_added | act=ACT-PERF | hash=98ee230ef1161bab | author=Author 3
2025-12-03 01:48:33,645 - INFO - amendment_added | act=ACT-PERF | hash=98ee230ef1161bab | author=Author 3
2025-12-03 01:48:33,645 - INFO - amendment_added | act=ACT-PERF | hash=98ee230ef1161bab | author=Author 3
2025-12-03 01:48:33,645 - INFO - amendment_added | act=ACT-PERF | hash=98ee230ef1161bab | author=Author 3
2025-12-03 01:48:33,645 - INFO - amendment_added | act=ACT-PERF | hash=98ee230ef1161bab | author=Author 3
2025-12-03 01:48:33,645 - INFO - amendment_added | act=ACT-PERF | hash=cc312db9f0c137d4 | author=Author 4
2025-12-03 01:48:33,645 - INFO - amendment_added | act=ACT-PERF | hash=cc312db9f0c137d4 | author=Author 4
2025-12-03 01:48:33,645 - INFO - amendment_added | act=ACT-PERF | hash=cc312db9f0c137d4 | author=Author 4
2025-12-03 01:48:33,645 - INFO - amendment_added | act=ACT-PERF | hash=cc312db9f0c137d4 | author=Author 4
2025-12-03 01:48:33,645 - INFO - amendment_added | act=ACT-PERF | hash=cc312db9f0c137d4 | author=Author 4
2025-12-03 01:48:33,645 - INFO - amendment_added | act=ACT-PERF | hash=715aa7273ada24bf | author=Author 5
2025-12-03 01:48:33,645 - INFO - amendment_added | act=ACT-PERF | hash=715aa7273ada24bf | author=Author 5
2025-12-03 01:48:33,645 - INFO - amendment_added | act=ACT-PERF | hash=715aa7273ada24bf | author=Author 5
2025-12-03 01:48:33,645 - INFO - amendment_added | act=ACT-PERF | hash=715aa7273ada24bf | author=Author 5
2025-12-03 01:48:33,645 - INFO - amendment_added | act=ACT-PERF | hash=715aa7273ada24bf | author=Author 5
2025-12-03 01:48:33,645 - INFO - amendment_added | act=ACT-PERF | hash=50b2f960faabc965 | author=Author 6
2025-12-03 01:48:33,645 - INFO - amendment_added | act=ACT-PERF | hash=50b2f960faabc965 | author=Author 6
2025-12-03 01:48:33,645 - INFO - amendment_added | act=ACT-PERF | hash=50b2f960faabc965 | author=Author 6
2025-12-03 01:48:33,645 - INFO - amendment_added | act=ACT-PERF | hash=50b2f960faabc965 | author=Author 6
2025-12-03 01:48:33,645 - INFO - amendment_added | act=ACT-PERF | hash=50b2f960faabc965 | author=Author 6
2025-12-03 01:48:33,646 - INFO - amendment_added | act=ACT-PERF | hash=908494f752b41844 | author=Author 7
2025-12-03 01:48:33,646 - INFO - amendment_added | act=ACT-PERF | hash=908494f752b41844 | author=Author 7
2025-12-03 01:48:33,646 - INFO - amendment_added | act=ACT-PERF | hash=908494f752b41844 | author=Author 7
2025-12-03 01:48:33,646 - INFO - amendment_added | act=ACT-PERF | hash=908494f752b41844 | author=Author 7
2025-12-03 01:48:33,646 - INFO - amendment_added | act=ACT-PERF | hash=908494f752b41844 | author=Author 7
2025-12-03 01:48:33,646 - INFO - amendment_added | act=ACT-PERF | hash=7c0f8fe2a594bed5 | author=Author 8
2025-12-03 01:48:33,646 - INFO - amendment_added | act=ACT-PERF | hash=7c0f8fe2a594bed5 | author=Author 8
2025-12-03 01:48:33,646 - INFO - amendment_added | act=ACT-PERF | hash=7c0f8fe2a594bed5 | author=Author 8
2025-12-03 01:48:33,646 - INFO - amendment_added | act=ACT-PERF | hash=7c0f8fe2a594bed5 | author=Author 8
2025-12-03 01:48:33,646 - INFO - amendment_added | act=ACT-PERF | hash=7c0f8fe2a594bed5 | author=Author 8
2025-12-03 01:48:33,646 - INFO - amendment_added | act=ACT-PERF | hash=3311235107413b28 | author=Author 9
2025-12-03 01:48:33,646 - INFO - amendment_added | act=ACT-PERF | hash=3311235107413b28 | author=Author 9
2025-12-03 01:48:33,646 - INFO - amendment_added | act=ACT-PERF | hash=3311235107413b28 | author=Author 9
2025-12-03 01:48:33,646 - INFO - amendment_added | act=ACT-PERF | hash=3311235107413b28 | author=Author 9
2025-12-03 01:48:33,646 - INFO - amendment_added | act=ACT-PERF | hash=3311235107413b28 | author=Author 9
2025-12-03 01:48:33,646 - INFO - amendment_added | act=ACT-PERF | hash=e0bce0a66ac538e9 | author=Author 10
2025-12-03 01:48:33,646 - INFO - amendment_added | act=ACT-PERF | hash=e0bce0a66ac538e9 | author=Author 10
2025-12-03 01:48:33,646 - INFO - amendment_added | act=ACT-PERF | hash=e0bce0a66ac538e9 | author=Author 10
2025-12-03 01:48:33,646 - INFO - amendment_added | act=ACT-PERF | hash=e0bce0a66ac538e9 | author=Author 10
2025-12-03 01:48:33,646 - INFO - amendment_added | act=ACT-PERF | hash=e0bce0a66ac538e9 | author=Author 10
2025-12-03 01:48:33,646 - INFO - amendment_added | act=ACT-PERF | hash=b635e32ce89eb102 | author=Author 11
2025-12-03 01:48:33,646 - INFO - amendment_added | act=ACT-PERF | hash=b635e32ce89eb102 | author=Author 11
2025-12-03 01:48:33,646 - INFO - amendment_added | act=ACT-PERF | hash=b635e32ce89eb102 | author=Author 11
2025-12-03 01:48:33,646 - INFO - amendment_added | act=ACT-PERF | hash=b635e32ce89eb102 | author=Author 11
2025-12-03 01:48:33,646 - INFO - amendment_added | act=ACT-PERF | hash=b635e32ce89eb102 | author=Author 11
2025-12-03 01:48:33,646 - INFO - amendment_added | act=ACT-PERF | hash=2a1993cc97d896b0 | author=Author 12
2025-12-03 01:48:33,646 - INFO - amendment_added | act=ACT-PERF | hash=2a1993cc97d896b0 | author=Author 12
2025-12-03 01:48:33,646 - INFO - amendment_added | act=ACT-PERF | hash=2a1993cc97d896b0 | author=Author 12
2025-12-03 01:48:33,646 - INFO - amendment_added | act=ACT-PERF | hash=2a1993cc97d896b0 | author=Author 12
2025-12-03 01:48:33,646 - INFO - amendment_added | act=ACT-PERF | hash=2a1993cc97d896b0 | author=Author 12
2025-12-03 01:48:33,647 - INFO - amendment_added | act=ACT-PERF | hash=a01786d0b33d5eb4 | author=Author 13
2025-12-03 01:48:33,647 - INFO - amendment_added | act=ACT-PERF | hash=a01786d0b33d5eb4 | author=Author 13
2025-12-03 01:48:33,647 - INFO - amendment_added | act=ACT-PERF | hash=a01786d0b33d5eb4 | author=Author 13
2025-12-03 01:48:33,647 - INFO - amendment_added | act=ACT-PERF | hash=a01786d0b33d5eb4 | author=Author 13
2025-12-03 01:48:33,647 - INFO - amendment_added | act=ACT-PERF | hash=a01786d0b33d5eb4 | author=Author 13
2025-12-03 01:48:33,647 - INFO - amendment_added | act=ACT-PERF | hash=0e1c05822aa64b19 | author=Author 14
2025-12-03 01:48:33,647 - INFO - amendment_added | act=ACT-PERF | hash=0e1c05822aa64b19 | author=Author 14
2025-12-03 01:48:33,647 - INFO - amendment_added | act=ACT-PERF | hash=0e1c05822aa64b19 | author=Author 14
2025-12-03 01:48:33,647 - INFO - amendment_added | act=ACT-PERF | hash=0e1c05822aa64b19 | author=Author 14
2025-12-03 01:48:33,647 - INFO - amendment_added | act=ACT-PERF | hash=0e1c05822aa64b19 | author=Author 14
2025-12-03 01:48:33,647 - INFO - amendment_added | act=ACT-PERF | hash=9f2df5934bfb8495 | author=Author 15
2025-12-03 01:48:33,647 - INFO - amendment_added | act=ACT-PERF | hash=9f2df5934bfb8495 | author=Author 15
2025-12-03 01:48:33,647 - INFO - amendment_added | act=ACT-PERF | hash=9f2df5934bfb8495 | author=Author 15
2025-12-03 01:48:33,647 - INFO - amendment_added | act=ACT-PERF | hash=9f2df5934bfb8495 | author=Author 15
2025-12-03 01:48:33,647 - INFO - amendment_added | act=ACT-PERF | hash=9f2df5934bfb8495 | author=Author 15
2025-12-03 01:48:33,647 - INFO - amendment_added | act=ACT-PERF | hash=deaea3ff634f8e42 | author=Author 16
2025-12-03 01:48:33,647 - INFO - amendment_added | act=ACT-PERF | hash=deaea3ff634f8e42 | author=Author 16
2025-12-03 01:48:33,647 - INFO - amendment_added | act=ACT-PERF | hash=deaea3ff634f8e42 | author=Author 16
2025-12-03 01:48:33,647 - INFO - amendment_added | act=ACT-PERF | hash=deaea3ff634f8e42 | author=Author 16
2025-12-03 01:48:33,647 - INFO - amendment_added | act=ACT-PERF | hash=deaea3ff634f8e42 | author=Author 16
2025-12-03 01:48:33,647 - INFO - amendment_added | act=ACT-PERF | hash=1885dbf774d17acf | author=Author 17
2025-12-03 01:48:33,647 - INFO - amendment_added | act=ACT-PERF | hash=1885dbf774d17acf | author=Author 17
2025-12-03 01:48:33,647 - INFO - amendment_added | act=ACT-PERF | hash=1885dbf774d17acf | author=Author 17
2025-12-03 01:48:33,647 - INFO - amendment_added | act=ACT-PERF | hash=1885dbf774d17acf | author=Author 17
2025-12-03 01:48:33,647 - INFO - amendment_added | act=ACT-PERF | hash=1885dbf774d17acf | author=Author 17
2025-12-03 01:48:33,647 - INFO - amendment_added | act=ACT-PERF | hash=af204ac38b639b36 | author=Author 18
2025-12-03 01:48:33,647 - INFO - amendment_added | act=ACT-PERF | hash=af204ac38b639b36 | author=Author 18
2025-12-03 01:48:33,647 - INFO - amendment_added | act=ACT-PERF | hash=af204ac38b639b36 | author=Author 18
2025-12-03 01:48:33,647 - INFO - amendment_added | act=ACT-PERF | hash=af204ac38b639b36 | author=Author 18
2025-12-03 01:48:33,647 - INFO - amendment_added | act=ACT-PERF | hash=af204ac38b639b36 | author=Author 18
2025-12-03 01:48:33,647 - INFO - amendment_added | act=ACT-PERF | hash=06ca15ce92ece37e | author=Author 19
2025-12-03 01:48:33,647 - INFO - amendment_added | act=ACT-PERF | hash=06ca15ce92ece37e | author=Author 19
2025-12-03 01:48:33,647 - INFO - amendment_added | act=ACT-PERF | hash=06ca15ce92ece37e | author=Author 19
2025-12-03 01:48:33,647 - INFO - amendment_added | act=ACT-PERF | hash=06ca15ce92ece37e | author=Author 19
2025-12-03 01:48:33,647 - INFO - amendment_added | act=ACT-PERF | hash=06ca15ce92ece37e | author=Author 19
2025-12-03 01:48:33,648 - INFO - amendment_added | act=ACT-PERF | hash=8f031cd27049a53e | author=Author 20
2025-12-03 01:48:33,648 - INFO - amendment_added | act=ACT-PERF | hash=8f031cd27049a53e | author=Author 20
2025-12-03 01:48:33,648 - INFO - amendment_added | act=ACT-PERF | hash=8f031cd27049a53e | author=Author 20
2025-12-03 01:48:33,648 - INFO - amendment_added | act=ACT-PERF | hash=8f031cd27049a53e | author=Author 20
2025-12-03 01:48:33,648 - INFO - amendment_added | act=ACT-PERF | hash=8f031cd27049a53e | author=Author 20
2025-12-03 01:48:33,648 - INFO - amendment_added | act=ACT-PERF | hash=6488bc2d5924699d | author=Author 21
2025-12-03 01:48:33,648 - INFO - amendment_added | act=ACT-PERF | hash=6488bc2d5924699d | author=Author 21
2025-12-03 01:48:33,648 - INFO - amendment_added | act=ACT-PERF | hash=6488bc2d5924699d | author=Author 21
2025-12-03 01:48:33,648 - INFO - amendment_added | act=ACT-PERF | hash=6488bc2d5924699d | author=Author 21
2025-12-03 01:48:33,648 - INFO - amendment_added | act=ACT-PERF | hash=6488bc2d5924699d | author=Author 21
2025-12-03 01:48:33,648 - INFO - amendment_added | act=ACT-PERF | hash=20f95a41d9a0b526 | author=Author 22
2025-12-03 01:48:33,648 - INFO - amendment_added | act=ACT-PERF | hash=20f95a41d9a0b526 | author=Author 22
2025-12-03 01:48:33,648 - INFO - amendment_added | act=ACT-PERF | hash=20f95a41d9a0b526 | author=Author 22
2025-12-03 01:48:33,648 - INFO - amendment_added | act=ACT-PERF | hash=20f95a41d9a0b526 | author=Author 22
2025-12-03 01:48:33,648 - INFO - amendment_added | act=ACT-PERF | hash=20f95a41d9a0b526 | author=Author 22
2025-12-03 01:48:33,648 - INFO - amendment_added | act=ACT-PERF | hash=93ca72d81fff66c2 | author=Author 23
2025-12-03 01:48:33,648 - INFO - amendment_added | act=ACT-PERF | hash=93ca72d81fff66c2 | author=Author 23
2025-12-03 01:48:33,648 - INFO - amendment_added | act=ACT-PERF | hash=93ca72d81fff66c2 | author=Author 23
2025-12-03 01:48:33,648 - INFO - amendment_added | act=ACT-PERF | hash=93ca72d81fff66c2 | author=Author 23
2025-12-03 01:48:33,648 - INFO - amendment_added | act=ACT-PERF | hash=93ca72d81fff66c2 | author=Author 23
2025-12-03 01:48:33,648 - INFO - amendment_added | act=ACT-PERF | hash=34ed99d38346d1e7 | author=Author 24
2025-12-03 01:48:33,648 - INFO - amendment_added | act=ACT-PERF | hash=34ed99d38346d1e7 | author=Author 24
2025-12-03 01:48:33,648 - INFO - amendment_added | act=ACT-PERF | hash=34ed99d38346d1e7 | author=Author 24
2025-12-03 01:48:33,648 - INFO - amendment_added | act=ACT-PERF | hash=34ed99d38346d1e7 | author=Author 24
2025-12-03 01:48:33,648 - INFO - amendment_added | act=ACT-PERF | hash=34ed99d38346d1e7 | author=Author 24
2025-12-03 01:48:33,648 - INFO - amendment_added | act=ACT-PERF | hash=de502f93861daa9c | author=Author 25
2025-12-03 01:48:33,648 - INFO - amendment_added | act=ACT-PERF | hash=de502f93861daa9c | author=Author 25
2025-12-03 01:48:33,648 - INFO - amendment_added | act=ACT-PERF | hash=de502f93861daa9c | author=Author 25
2025-12-03 01:48:33,648 - INFO - amendment_added | act=ACT-PERF | hash=de502f93861daa9c | author=Author 25
2025-12-03 01:48:33,648 - INFO - amendment_added | act=ACT-PERF | hash=de502f93861daa9c | author=Author 25
2025-12-03 01:48:33,649 - INFO - amendment_added | act=ACT-PERF | hash=1ddcb609e11bd1fe | author=Author 26
2025-12-03 01:48:33,649 - INFO - amendment_added | act=ACT-PERF | hash=1ddcb609e11bd1fe | author=Author 26
2025-12-03 01:48:33,649 - INFO - amendment_added | act=ACT-PERF | hash=1ddcb609e11bd1fe | author=Author 26
2025-12-03 01:48:33,649 - INFO - amendment_added | act=ACT-PERF | hash=1ddcb609e11bd1fe | author=Author 26
2025-12-03 01:48:33,649 - INFO - amendment_added | act=ACT-PERF | hash=1ddcb609e11bd1fe | author=Author 26
2025-12-03 01:48:33,649 - INFO - amendment_added | act=ACT-PERF | hash=7bf188681de82bea | author=Author 27
2025-12-03 01:48:33,649 - INFO - amendment_added | act=ACT-PERF | hash=7bf188681de82bea | author=Author 27
2025-12-03 01:48:33,649 - INFO - amendment_added | act=ACT-PERF | hash=7bf188681de82bea | author=Author 27
2025-12-03 01:48:33,649 - INFO - amendment_added | act=ACT-PERF | hash=7bf188681de82bea | author=Author 27
2025-12-03 01:48:33,649 - INFO - amendment_added | act=ACT-PERF | hash=7bf188681de82bea | author=Author 27
2025-12-03 01:48:33,649 - INFO - amendment_added | act=ACT-PERF | hash=7f3cd6eb3a1fca46 | author=Author 28
2025-12-03 01:48:33,649 - INFO - amendment_added | act=ACT-PERF | hash=7f3cd6eb3a1fca46 | author=Author 28
2025-12-03 01:48:33,649 - INFO - amendment_added | act=ACT-PERF | hash=7f3cd6eb3a1fca46 | author=Author 28
2025-12-03 01:48:33,649 - INFO - amendment_added | act=ACT-PERF | hash=7f3cd6eb3a1fca46 | author=Author 28
2025-12-03 01:48:33,649 - INFO - amendment_added | act=ACT-PERF | hash=7f3cd6eb3a1fca46 | author=Author 28
2025-12-03 01:48:33,649 - INFO - amendment_added | act=ACT-PERF | hash=1386c10935a6222f | author=Author 29
2025-12-03 01:48:33,649 - INFO - amendment_added | act=ACT-PERF | hash=1386c10935a6222f | author=Author 29
2025-12-03 01:48:33,649 - INFO - amendment_added | act=ACT-PERF | hash=1386c10935a6222f | author=Author 29
2025-12-03 01:48:33,649 - INFO - amendment_added | act=ACT-PERF | hash=1386c10935a6222f | author=Author 29
2025-12-03 01:48:33,649 - INFO - amendment_added | act=ACT-PERF | hash=1386c10935a6222f | author=Author 29
2025-12-03 01:48:33,649 - INFO - amendment_added | act=ACT-PERF | hash=b5736960ff0f109b | author=Author 30
2025-12-03 01:48:33,649 - INFO - amendment_added | act=ACT-PERF | hash=b5736960ff0f109b | author=Author 30
2025-12-03 01:48:33,649 - INFO - amendment_added | act=ACT-PERF | hash=b5736960ff0f109b | author=Author 30
2025-12-03 01:48:33,649 - INFO - amendment_added | act=ACT-PERF | hash=b5736960ff0f109b | author=Author 30
2025-12-03 01:48:33,649 - INFO - amendment_added | act=ACT-PERF | hash=b5736960ff0f109b | author=Author 30
2025-12-03 01:48:33,649 - INFO - amendment_added | act=ACT-PERF | hash=db22c09a54adc3b5 | author=Author 31
2025-12-03 01:48:33,649 - INFO - amendment_added | act=ACT-PERF | hash=db22c09a54adc3b5 | author=Author 31
2025-12-03 01:48:33,649 - INFO - amendment_added | act=ACT-PERF | hash=db22c09a54adc3b5 | author=Author 31
2025-12-03 01:48:33,649 - INFO - amendment_added | act=ACT-PERF | hash=db22c09a54adc3b5 | author=Author 31
2025-12-03 01:48:33,649 - INFO - amendment_added | act=ACT-PERF | hash=db22c09a54adc3b5 | author=Author 31
2025-12-03 01:48:33,649 - INFO - amendment_added | act=ACT-PERF | hash=a31e3547c9b726bc | author=Author 32
2025-12-03 01:48:33,649 - INFO - amendment_added | act=ACT-PERF | hash=a31e3547c9b726bc | author=Author 32
2025-12-03 01:48:33,649 - INFO - amendment_added | act=ACT-PERF | hash=a31e3547c9b726bc | author=Author 32
2025-12-03 01:48:33,649 - INFO - amendment_added | act=ACT-PERF | hash=a31e3547c9b726bc | author=Author 32
2025-12-03 01:48:33,649 - INFO - amendment_added | act=ACT-PERF | hash=a31e3547c9b726bc | author=Author 32
2025-12-03 01:48:33,649 - INFO - amendment_added | act=ACT-PERF | hash=5ff41c891a01200b | author=Author 33
2025-12-03 01:48:33,649 - INFO - amendment_added | act=ACT-PERF | hash=5ff41c891a01200b | author=Author 33
2025-12-03 01:48:33,649 - INFO - amendment_added | act=ACT-PERF | hash=5ff41c891a01200b | author=Author 33
2025-12-03 01:48:33,649 - INFO - amendment_added | act=ACT-PERF | hash=5ff41c891a01200b | author=Author 33
2025-12-03 01:48:33,649 - INFO - amendment_added | act=ACT-PERF | hash=5ff41c891a01200b | author=Author 33
2025-12-03 01:48:33,650 - INFO - amendment_added | act=ACT-PERF | hash=946071d1085b781d | author=Author 34
2025-12-03 01:48:33,650 - INFO - amendment_added | act=ACT-PERF | hash=946071d1085b781d | author=Author 34
2025-12-03 01:48:33,650 - INFO - amendment_added | act=ACT-PERF | hash=946071d1085b781d | author=Author 34
2025-12-03 01:48:33,650 - INFO - amendment_added | act=ACT-PERF | hash=946071d1085b781d | author=Author 34
2025-12-03 01:48:33,650 - INFO - amendment_added | act=ACT-PERF | hash=946071d1085b781d | author=Author 34
2025-12-03 01:48:33,650 - INFO - amendment_added | act=ACT-PERF | hash=4162c0e8952153ef | author=Author 35
2025-12-03 01:48:33,650 - INFO - amendment_added | act=ACT-PERF | hash=4162c0e8952153ef | author=Author 35
2025-12-03 01:48:33,650 - INFO - amendment_added | act=ACT-PERF | hash=4162c0e8952153ef | author=Author 35
2025-12-03 01:48:33,650 - INFO - amendment_added | act=ACT-PERF | hash=4162c0e8952153ef | author=Author 35
2025-12-03 01:48:33,650 - INFO - amendment_added | act=ACT-PERF | hash=4162c0e8952153ef | author=Author 35
2025-12-03 01:48:33,650 - INFO - amendment_added | act=ACT-PERF | hash=d0f34b98332731c1 | author=Author 36
2025-12-03 01:48:33,650 - INFO - amendment_added | act=ACT-PERF | hash=d0f34b98332731c1 | author=Author 36
2025-12-03 01:48:33,650 - INFO - amendment_added | act=ACT-PERF | hash=d0f34b98332731c1 | author=Author 36
2025-12-03 01:48:33,650 - INFO - amendment_added | act=ACT-PERF | hash=d0f34b98332731c1 | author=Author 36
2025-12-03 01:48:33,650 - INFO - amendment_added | act=ACT-PERF | hash=d0f34b98332731c1 | author=Author 36
2025-12-03 01:48:33,650 - INFO - amendment_added | act=ACT-PERF | hash=59ce8f2aca7c7ffc | author=Author 37
2025-12-03 01:48:33,650 - INFO - amendment_added | act=ACT-PERF | hash=59ce8f2aca7c7ffc | author=Author 37
2025-12-03 01:48:33,650 - INFO - amendment_added | act=ACT-PERF | hash=59ce8f2aca7c7ffc | author=Author 37
2025-12-03 01:48:33,650 - INFO - amendment_added | act=ACT-PERF | hash=59ce8f2aca7c7ffc | author=Author 37
2025-12-03 01:48:33,650 - INFO - amendment_added | act=ACT-PERF | hash=59ce8f2aca7c7ffc | author=Author 37
2025-12-03 01:48:33,650 - INFO - amendment_added | act=ACT-PERF | hash=3d613966ae0e115f | author=Author 38
2025-12-03 01:48:33,650 - INFO - amendment_added | act=ACT-PERF | hash=3d613966ae0e115f | author=Author 38
2025-12-03 01:48:33,650 - INFO - amendment_added | act=ACT-PERF | hash=3d613966ae0e115f | author=Author 38
2025-12-03 01:48:33,650 - INFO - amendment_added | act=ACT-PERF | hash=3d613966ae0e115f | author=Author 38
2025-12-03 01:48:33,650 - INFO - amendment_added | act=ACT-PERF | hash=3d613966ae0e115f | author=Author 38
2025-12-03 01:48:33,650 - INFO - amendment_added | act=ACT-PERF | hash=60b2474414a08d77 | author=Author 39
2025-12-03 01:48:33,650 - INFO - amendment_added | act=ACT-PERF | hash=60b2474414a08d77 | author=Author 39
2025-12-03 01:48:33,650 - INFO - amendment_added | act=ACT-PERF | hash=60b2474414a08d77 | author=Author 39
2025-12-03 01:48:33,650 - INFO - amendment_added | act=ACT-PERF | hash=60b2474414a08d77 | author=Author 39
2025-12-03 01:48:33,650 - INFO - amendment_added | act=ACT-PERF | hash=60b2474414a08d77 | author=Author 39
2025-12-03 01:48:33,650 - INFO - amendment_added | act=ACT-PERF | hash=6441c8a43d13989f | author=Author 40
2025-12-03 01:48:33,650 - INFO - amendment_added | act=ACT-PERF | hash=6441c8a43d13989f | author=Author 40
2025-12-03 01:48:33,650 - INFO - amendment_added | act=ACT-PERF | hash=6441c8a43d13989f | author=Author 40
2025-12-03 01:48:33,650 - INFO - amendment_added | act=ACT-PERF | hash=6441c8a43d13989f | author=Author 40
2025-12-03 01:48:33,650 - INFO - amendment_added | act=ACT-PERF | hash=6441c8a43d13989f | author=Author 40
2025-12-03 01:48:33,651 - INFO - amendment_added | act=ACT-PERF | hash=a41efc9ba5fd13d7 | author=Author 41
2025-12-03 01:48:33,651 - INFO - amendment_added | act=ACT-PERF | hash=a41efc9ba5fd13d7 | author=Author 41
2025-12-03 01:48:33,651 - INFO - amendment_added | act=ACT-PERF | hash=a41efc9ba5fd13d7 | author=Author 41
2025-12-03 01:48:33,651 - INFO - amendment_added | act=ACT-PERF | hash=a41efc9ba5fd13d7 | author=Author 41
2025-12-03 01:48:33,651 - INFO - amendment_added | act=ACT-PERF | hash=a41efc9ba5fd13d7 | author=Author 41
2025-12-03 01:48:33,651 - INFO - amendment_added | act=ACT-PERF | hash=87d188e90c9fa8f2 | author=Author 42
2025-12-03 01:48:33,651 - INFO - amendment_added | act=ACT-PERF | hash=87d188e90c9fa8f2 | author=Author 42
2025-12-03 01:48:33,651 - INFO - amendment_added | act=ACT-PERF | hash=87d188e90c9fa8f2 | author=Author 42
2025-12-03 01:48:33,651 - INFO - amendment_added | act=ACT-PERF | hash=87d188e90c9fa8f2 | author=Author 42
2025-12-03 01:48:33,651 - INFO - amendment_added | act=ACT-PERF | hash=87d188e90c9fa8f2 | author=Author 42
2025-12-03 01:48:33,651 - INFO - amendment_added | act=ACT-PERF | hash=fe9a1a7c0f530bea | author=Author 43
2025-12-03 01:48:33,651 - INFO - amendment_added | act=ACT-PERF | hash=fe9a1a7c0f530bea | author=Author 43
2025-12-03 01:48:33,651 - INFO - amendment_added | act=ACT-PERF | hash=fe9a1a7c0f530bea | author=Author 43
2025-12-03 01:48:33,651 - INFO - amendment_added | act=ACT-PERF | hash=fe9a1a7c0f530bea | author=Author 43
2025-12-03 01:48:33,651 - INFO - amendment_added | act=ACT-PERF | hash=fe9a1a7c0f530bea | author=Author 43
2025-12-03 01:48:33,651 - INFO - amendment_added | act=ACT-PERF | hash=8eb43a91a6956ca6 | author=Author 44
2025-12-03 01:48:33,651 - INFO - amendment_added | act=ACT-PERF | hash=8eb43a91a6956ca6 | author=Author 44
2025-12-03 01:48:33,651 - INFO - amendment_added | act=ACT-PERF | hash=8eb43a91a6956ca6 | author=Author 44
2025-12-03 01:48:33,651 - INFO - amendment_added | act=ACT-PERF | hash=8eb43a91a6956ca6 | author=Author 44
2025-12-03 01:48:33,651 - INFO - amendment_added | act=ACT-PERF | hash=8eb43a91a6956ca6 | author=Author 44
2025-12-03 01:48:33,651 - INFO - amendment_added | act=ACT-PERF | hash=4b2a3ff9a1af3081 | author=Author 45
2025-12-03 01:48:33,651 - INFO - amendment_added | act=ACT-PERF | hash=4b2a3ff9a1af3081 | author=Author 45
2025-12-03 01:48:33,651 - INFO - amendment_added | act=ACT-PERF | hash=4b2a3ff9a1af3081 | author=Author 45
2025-12-03 01:48:33,651 - INFO - amendment_added | act=ACT-PERF | hash=4b2a3ff9a1af3081 | author=Author 45
2025-12-03 01:48:33,651 - INFO - amendment_added | act=ACT-PERF | hash=4b2a3ff9a1af3081 | author=Author 45
2025-12-03 01:48:33,651 - INFO - amendment_added | act=ACT-PERF | hash=f68b2f5d69a24a79 | author=Author 46
2025-12-03 01:48:33,651 - INFO - amendment_added | act=ACT-PERF | hash=f68b2f5d69a24a79 | author=Author 46
2025-12-03 01:48:33,651 - INFO - amendment_added | act=ACT-PERF | hash=f68b2f5d69a24a79 | author=Author 46
2025-12-03 01:48:33,651 - INFO - amendment_added | act=ACT-PERF | hash=f68b2f5d69a24a79 | author=Author 46
2025-12-03 01:48:33,651 - INFO - amendment_added | act=ACT-PERF | hash=f68b2f5d69a24a79 | author=Author 46
2025-12-03 01:48:33,651 - INFO - amendment_added | act=ACT-PERF | hash=2ed79f3cc5f70191 | author=Author 47
2025-12-03 01:48:33,651 - INFO - amendment_added | act=ACT-PERF | hash=2ed79f3cc5f70191 | author=Author 47
2025-12-03 01:48:33,651 - INFO - amendment_added | act=ACT-PERF | hash=2ed79f3cc5f70191 | author=Author 47
2025-12-03 01:48:33,651 - INFO - amendment_added | act=ACT-PERF | hash=2ed79f3cc5f70191 | author=Author 47
2025-12-03 01:48:33,651 - INFO - amendment_added | act=ACT-PERF | hash=2ed79f3cc5f70191 | author=Author 47
2025-12-03 01:48:33,652 - INFO - amendment_added | act=ACT-PERF | hash=e1154bab53e8cd3e | author=Author 48
2025-12-03 01:48:33,652 - INFO - amendment_added | act=ACT-PERF | hash=e1154bab53e8cd3e | author=Author 48
2025-12-03 01:48:33,652 - INFO - amendment_added | act=ACT-PERF | hash=e1154bab53e8cd3e | author=Author 48
2025-12-03 01:48:33,652 - INFO - amendment_added | act=ACT-PERF | hash=e1154bab53e8cd3e | author=Author 48
2025-12-03 01:48:33,652 - INFO - amendment_added | act=ACT-PERF | hash=e1154bab53e8cd3e | author=Author 48
2025-12-03 01:48:33,652 - INFO - amendment_added | act=ACT-PERF | hash=f40175995966fda4 | author=Author 49
2025-12-03 01:48:33,652 - INFO - amendment_added | act=ACT-PERF | hash=f40175995966fda4 | author=Author 49
2025-12-03 01:48:33,652 - INFO - amendment_added | act=ACT-PERF | hash=f40175995966fda4 | author=Author 49
2025-12-03 01:48:33,652 - INFO - amendment_added | act=ACT-PERF | hash=f40175995966fda4 | author=Author 49
2025-12-03 01:48:33,652 - INFO - amendment_added | act=ACT-PERF | hash=f40175995966fda4 | author=Author 49
2025-12-03 01:48:33,652 - INFO - amendment_added | act=ACT-PERF | hash=dc17acc7c82ac8eb | author=Author 50
2025-12-03 01:48:33,652 - INFO - amendment_added | act=ACT-PERF | hash=dc17acc7c82ac8eb | author=Author 50
2025-12-03 01:48:33,652 - INFO - amendment_added | act=ACT-PERF | hash=dc17acc7c82ac8eb | author=Author 50
2025-12-03 01:48:33,652 - INFO - amendment_added | act=ACT-PERF | hash=dc17acc7c82ac8eb | author=Author 50
2025-12-03 01:48:33,652 - INFO - amendment_added | act=ACT-PERF | hash=dc17acc7c82ac8eb | author=Author 50
2025-12-03 01:48:33,652 - INFO - amendment_added | act=ACT-PERF | hash=39e36ff53c5674dc | author=Author 51
2025-12-03 01:48:33,652 - INFO - amendment_added | act=ACT-PERF | hash=39e36ff53c5674dc | author=Author 51
2025-12-03 01:48:33,652 - INFO - amendment_added | act=ACT-PERF | hash=39e36ff53c5674dc | author=Author 51
2025-12-03 01:48:33,652 - INFO - amendment_added | act=ACT-PERF | hash=39e36ff53c5674dc | author=Author 51
2025-12-03 01:48:33,652 - INFO - amendment_added | act=ACT-PERF | hash=39e36ff53c5674dc | author=Author 51
2025-12-03 01:48:33,652 - INFO - amendment_added | act=ACT-PERF | hash=f6a56c7f041e05fa | author=Author 52
2025-12-03 01:48:33,652 - INFO - amendment_added | act=ACT-PERF | hash=f6a56c7f041e05fa | author=Author 52
2025-12-03 01:48:33,652 - INFO - amendment_added | act=ACT-PERF | hash=f6a56c7f041e05fa | author=Author 52
2025-12-03 01:48:33,652 - INFO - amendment_added | act=ACT-PERF | hash=f6a56c7f041e05fa | author=Author 52
2025-12-03 01:48:33,652 - INFO - amendment_added | act=ACT-PERF | hash=f6a56c7f041e05fa | author=Author 52
2025-12-03 01:48:33,652 - INFO - amendment_added | act=ACT-PERF | hash=785f6466e1500afc | author=Author 53
2025-12-03 01:48:33,652 - INFO - amendment_added | act=ACT-PERF | hash=785f6466e1500afc | author=Author 53
2025-12-03 01:48:33,652 - INFO - amendment_added | act=ACT-PERF | hash=785f6466e1500afc | author=Author 53
2025-12-03 01:48:33,652 - INFO - amendment_added | act=ACT-PERF | hash=785f6466e1500afc | author=Author 53
2025-12-03 01:48:33,652 - INFO - amendment_added | act=ACT-PERF | hash=785f6466e1500afc | author=Author 53
2025-12-03 01:48:33,652 - INFO - amendment_added | act=ACT-PERF | hash=de95d8d7379387ce | author=Author 54
2025-12-03 01:48:33,652 - INFO - amendment_added | act=ACT-PERF | hash=de95d8d7379387ce | author=Author 54
2025-12-03 01:48:33,652 - INFO - amendment_added | act=ACT-PERF | hash=de95d8d7379387ce | author=Author 54
2025-12-03 01:48:33,652 - INFO - amendment_added | act=ACT-PERF | hash=de95d8d7379387ce | author=Author 54
2025-12-03 01:48:33,652 - INFO - amendment_added | act=ACT-PERF | hash=de95d8d7379387ce | author=Author 54
2025-12-03 01:48:33,652 - INFO - amendment_added | act=ACT-PERF | hash=b5ff85079c68afc9 | author=Author 55
2025-12-03 01:48:33,652 - INFO - amendment_added | act=ACT-PERF | hash=b5ff85079c68afc9 | author=Author 55
2025-12-03 01:48:33,652 - INFO - amendment_added | act=ACT-PERF | hash=b5ff85079c68afc9 | author=Author 55
2025-12-03 01:48:33,652 - INFO - amendment_added | act=ACT-PERF | hash=b5ff85079c68afc9 | author=Author 55
2025-12-03 01:48:33,652 - INFO - amendment_added | act=ACT-PERF | hash=b5ff85079c68afc9 | author=Author 55
2025-12-03 01:48:33,653 - INFO - amendment_added | act=ACT-PERF | hash=db1505dd0bbd2bf5 | author=Author 56
2025-12-03 01:48:33,653 - INFO - amendment_added | act=ACT-PERF | hash=db1505dd0bbd2bf5 | author=Author 56
2025-12-03 01:48:33,653 - INFO - amendment_added | act=ACT-PERF | hash=db1505dd0bbd2bf5 | author=Author 56
2025-12-03 01:48:33,653 - INFO - amendment_added | act=ACT-PERF | hash=db1505dd0bbd2bf5 | author=Author 56
2025-12-03 01:48:33,653 - INFO - amendment_added | act=ACT-PERF | hash=db1505dd0bbd2bf5 | author=Author 56
2025-12-03 01:48:33,653 - INFO - amendment_added | act=ACT-PERF | hash=ce19d3dddd87ae42 | author=Author 57
2025-12-03 01:48:33,653 - INFO - amendment_added | act=ACT-PERF | hash=ce19d3dddd87ae42 | author=Author 57
2025-12-03 01:48:33,653 - INFO - amendment_added | act=ACT-PERF | hash=ce19d3dddd87ae42 | author=Author 57
2025-12-03 01:48:33,653 - INFO - amendment_added | act=ACT-PERF | hash=ce19d3dddd87ae42 | author=Author 57
2025-12-03 01:48:33,653 - INFO - amendment_added | act=ACT-PERF | hash=ce19d3dddd87ae42 | author=Author 57
2025-12-03 01:48:33,653 - INFO - amendment_added | act=ACT-PERF | hash=3482a49d317cb2ed | author=Author 58
2025-12-03 01:48:33,653 - INFO - amendment_added | act=ACT-PERF | hash=3482a49d317cb2ed | author=Author 58
2025-12-03 01:48:33,653 - INFO - amendment_added | act=ACT-PERF | hash=3482a49d317cb2ed | author=Author 58
2025-12-03 01:48:33,653 - INFO - amendment_added | act=ACT-PERF | hash=3482a49d317cb2ed | author=Author 58
2025-12-03 01:48:33,653 - INFO - amendment_added | act=ACT-PERF | hash=3482a49d317cb2ed | author=Author 58
2025-12-03 01:48:33,653 - INFO - amendment_added | act=ACT-PERF | hash=09e1379b2bcc05d0 | author=Author 59
2025-12-03 01:48:33,653 - INFO - amendment_added | act=ACT-PERF | hash=09e1379b2bcc05d0 | author=Author 59
2025-12-03 01:48:33,653 - INFO - amendment_added | act=ACT-PERF | hash=09e1379b2bcc05d0 | author=Author 59
2025-12-03 01:48:33,653 - INFO - amendment_added | act=ACT-PERF | hash=09e1379b2bcc05d0 | author=Author 59
2025-12-03 01:48:33,653 - INFO - amendment_added | act=ACT-PERF | hash=09e1379b2bcc05d0 | author=Author 59
2025-12-03 01:48:33,653 - INFO - amendment_added | act=ACT-PERF | hash=8e4fbb0dd07b67e6 | author=Author 60
2025-12-03 01:48:33,653 - INFO - amendment_added | act=ACT-PERF | hash=8e4fbb0dd07b67e6 | author=Author 60
2025-12-03 01:48:33,653 - INFO - amendment_added | act=ACT-PERF | hash=8e4fbb0dd07b67e6 | author=Author 60
2025-12-03 01:48:33,653 - INFO - amendment_added | act=ACT-PERF | hash=8e4fbb0dd07b67e6 | author=Author 60
2025-12-03 01:48:33,653 - INFO - amendment_added | act=ACT-PERF | hash=8e4fbb0dd07b67e6 | author=Author 60
2025-12-03 01:48:33,653 - INFO - amendment_added | act=ACT-PERF | hash=4e03a80fa416ee77 | author=Author 61
2025-12-03 01:48:33,653 - INFO - amendment_added | act=ACT-PERF | hash=4e03a80fa416ee77 | author=Author 61
2025-12-03 01:48:33,653 - INFO - amendment_added | act=ACT-PERF | hash=4e03a80fa416ee77 | author=Author 61
2025-12-03 01:48:33,653 - INFO - amendment_added | act=ACT-PERF | hash=4e03a80fa416ee77 | author=Author 61
2025-12-03 01:48:33,653 - INFO - amendment_added | act=ACT-PERF | hash=4e03a80fa416ee77 | author=Author 61
2025-12-03 01:48:33,653 - INFO - amendment_added | act=ACT-PERF | hash=467fbea37921b4c5 | author=Author 62
2025-12-03 01:48:33,653 - INFO - amendment_added | act=ACT-PERF | hash=467fbea37921b4c5 | author=Author 62
2025-12-03 01:48:33,653 - INFO - amendment_added | act=ACT-PERF | hash=467fbea37921b4c5 | author=Author 62
2025-12-03 01:48:33,653 - INFO - amendment_added | act=ACT-PERF | hash=467fbea37921b4c5 | author=Author 62
2025-12-03 01:48:33,653 - INFO - amendment_added | act=ACT-PERF | hash=467fbea37921b4c5 | author=Author 62
2025-12-03 01:48:33,654 - INFO - amendment_added | act=ACT-PERF | hash=288adba7904fdab5 | author=Author 63
2025-12-03 01:48:33,654 - INFO - amendment_added | act=ACT-PERF | hash=288adba7904fdab5 | author=Author 63
2025-12-03 01:48:33,654 - INFO - amendment_added | act=ACT-PERF | hash=288adba7904fdab5 | author=Author 63
2025-12-03 01:48:33,654 - INFO - amendment_added | act=ACT-PERF | hash=288adba7904fdab5 | author=Author 63
2025-12-03 01:48:33,654 - INFO - amendment_added | act=ACT-PERF | hash=288adba7904fdab5 | author=Author 63
2025-12-03 01:48:33,654 - INFO - amendment_added | act=ACT-PERF | hash=8eda29b2e03d328a | author=Author 64
2025-12-03 01:48:33,654 - INFO - amendment_added | act=ACT-PERF | hash=8eda29b2e03d328a | author=Author 64
2025-12-03 01:48:33,654 - INFO - amendment_added | act=ACT-PERF | hash=8eda29b2e03d328a | author=Author 64
2025-12-03 01:48:33,654 - INFO - amendment_added | act=ACT-PERF | hash=8eda29b2e03d328a | author=Author 64
2025-12-03 01:48:33,654 - INFO - amendment_added | act=ACT-PERF | hash=8eda29b2e03d328a | author=Author 64
2025-12-03 01:48:33,654 - INFO - amendment_added | act=ACT-PERF | hash=e0fbe72a451c2e83 | author=Author 65
2025-12-03 01:48:33,654 - INFO - amendment_added | act=ACT-PERF | hash=e0fbe72a451c2e83 | author=Author 65
2025-12-03 01:48:33,654 - INFO - amendment_added | act=ACT-PERF | hash=e0fbe72a451c2e83 | author=Author 65
2025-12-03 01:48:33,654 - INFO - amendment_added | act=ACT-PERF | hash=e0fbe72a451c2e83 | author=Author 65
2025-12-03 01:48:33,654 - INFO - amendment_added | act=ACT-PERF | hash=e0fbe72a451c2e83 | author=Author 65
2025-12-03 01:48:33,654 - INFO - amendment_added | act=ACT-PERF | hash=8df6504e60faf697 | author=Author 66
2025-12-03 01:48:33,654 - INFO - amendment_added | act=ACT-PERF | hash=8df6504e60faf697 | author=Author 66
2025-12-03 01:48:33,654 - INFO - amendment_added | act=ACT-PERF | hash=8df6504e60faf697 | author=Author 66
2025-12-03 01:48:33,654 - INFO - amendment_added | act=ACT-PERF | hash=8df6504e60faf697 | author=Author 66
2025-12-03 01:48:33,654 - INFO - amendment_added | act=ACT-PERF | hash=8df6504e60faf697 | author=Author 66
2025-12-03 01:48:33,654 - INFO - amendment_added | act=ACT-PERF | hash=c8f2c970b7e2a4c7 | author=Author 67
2025-12-03 01:48:33,654 - INFO - amendment_added | act=ACT-PERF | hash=c8f2c970b7e2a4c7 | author=Author 67
2025-12-03 01:48:33,654 - INFO - amendment_added | act=ACT-PERF | hash=c8f2c970b7e2a4c7 | author=Author 67
2025-12-03 01:48:33,654 - INFO - amendment_added | act=ACT-PERF | hash=c8f2c970b7e2a4c7 | author=Author 67
2025-12-03 01:48:33,654 - INFO - amendment_added | act=ACT-PERF | hash=c8f2c970b7e2a4c7 | author=Author 67
2025-12-03 01:48:33,654 - INFO - amendment_added | act=ACT-PERF | hash=102dbbd5735f5b7a | author=Author 68
2025-12-03 01:48:33,654 - INFO - amendment_added | act=ACT-PERF | hash=102dbbd5735f5b7a | author=Author 68
2025-12-03 01:48:33,654 - INFO - amendment_added | act=ACT-PERF | hash=102dbbd5735f5b7a | author=Author 68
2025-12-03 01:48:33,654 - INFO - amendment_added | act=ACT-PERF | hash=102dbbd5735f5b7a | author=Author 68
2025-12-03 01:48:33,654 - INFO - amendment_added | act=ACT-PERF | hash=102dbbd5735f5b7a | author=Author 68
2025-12-03 01:48:33,654 - INFO - amendment_added | act=ACT-PERF | hash=1da2d0c8b6799382 | author=Author 69
2025-12-03 01:48:33,654 - INFO - amendment_added | act=ACT-PERF | hash=1da2d0c8b6799382 | author=Author 69
2025-12-03 01:48:33,654 - INFO - amendment_added | act=ACT-PERF | hash=1da2d0c8b6799382 | author=Author 69
2025-12-03 01:48:33,654 - INFO - amendment_added | act=ACT-PERF | hash=1da2d0c8b6799382 | author=Author 69
2025-12-03 01:48:33,654 - INFO - amendment_added | act=ACT-PERF | hash=1da2d0c8b6799382 | author=Author 69
2025-12-03 01:48:33,654 - INFO - amendment_added | act=ACT-PERF | hash=5929971a20eca330 | author=Author 70
2025-12-03 01:48:33,654 - INFO - amendment_added | act=ACT-PERF | hash=5929971a20eca330 | author=Author 70
2025-12-03 01:48:33,654 - INFO - amendment_added | act=ACT-PERF | hash=5929971a20eca330 | author=Author 70
2025-12-03 01:48:33,654 - INFO - amendment_added | act=ACT-PERF | hash=5929971a20eca330 | author=Author 70
2025-12-03 01:48:33,654 - INFO - amendment_added | act=ACT-PERF | hash=5929971a20eca330 | author=Author 70
2025-12-03 01:48:33,655 - INFO - amendment_added | act=ACT-PERF | hash=5bd9b9678a1003b4 | author=Author 71
2025-12-03 01:48:33,655 - INFO - amendment_added | act=ACT-PERF | hash=5bd9b9678a1003b4 | author=Author 71
2025-12-03 01:48:33,655 - INFO - amendment_added | act=ACT-PERF | hash=5bd9b9678a1003b4 | author=Author 71
2025-12-03 01:48:33,655 - INFO - amendment_added | act=ACT-PERF | hash=5bd9b9678a1003b4 | author=Author 71
2025-12-03 01:48:33,655 - INFO - amendment_added | act=ACT-PERF | hash=5bd9b9678a1003b4 | author=Author 71
2025-12-03 01:48:33,655 - INFO - amendment_added | act=ACT-PERF | hash=37ffd07b5e4da2a2 | author=Author 72
2025-12-03 01:48:33,655 - INFO - amendment_added | act=ACT-PERF | hash=37ffd07b5e4da2a2 | author=Author 72
2025-12-03 01:48:33,655 - INFO - amendment_added | act=ACT-PERF | hash=37ffd07b5e4da2a2 | author=Author 72
2025-12-03 01:48:33,655 - INFO - amendment_added | act=ACT-PERF | hash=37ffd07b5e4da2a2 | author=Author 72
2025-12-03 01:48:33,655 - INFO - amendment_added | act=ACT-PERF | hash=37ffd07b5e4da2a2 | author=Author 72
2025-12-03 01:48:33,655 - INFO - amendment_added | act=ACT-PERF | hash=df40e063f5294c00 | author=Author 73
2025-12-03 01:48:33,655 - INFO - amendment_added | act=ACT-PERF | hash=df40e063f5294c00 | author=Author 73
2025-12-03 01:48:33,655 - INFO - amendment_added | act=ACT-PERF | hash=df40e063f5294c00 | author=Author 73
2025-12-03 01:48:33,655 - INFO - amendment_added | act=ACT-PERF | hash=df40e063f5294c00 | author=Author 73
2025-12-03 01:48:33,655 - INFO - amendment_added | act=ACT-PERF | hash=df40e063f5294c00 | author=Author 73
2025-12-03 01:48:33,655 - INFO - amendment_added | act=ACT-PERF | hash=d95fa5d4efc2da0b | author=Author 74
2025-12-03 01:48:33,655 - INFO - amendment_added | act=ACT-PERF | hash=d95fa5d4efc2da0b | author=Author 74
2025-12-03 01:48:33,655 - INFO - amendment_added | act=ACT-PERF | hash=d95fa5d4efc2da0b | author=Author 74
2025-12-03 01:48:33,655 - INFO - amendment_added | act=ACT-PERF | hash=d95fa5d4efc2da0b | author=Author 74
2025-12-03 01:48:33,655 - INFO - amendment_added | act=ACT-PERF | hash=d95fa5d4efc2da0b | author=Author 74
2025-12-03 01:48:33,655 - INFO - amendment_added | act=ACT-PERF | hash=f1ff9361dff66d02 | author=Author 75
2025-12-03 01:48:33,655 - INFO - amendment_added | act=ACT-PERF | hash=f1ff9361dff66d02 | author=Author 75
2025-12-03 01:48:33,655 - INFO - amendment_added | act=ACT-PERF | hash=f1ff9361dff66d02 | author=Author 75
2025-12-03 01:48:33,655 - INFO - amendment_added | act=ACT-PERF | hash=f1ff9361dff66d02 | author=Author 75
2025-12-03 01:48:33,655 - INFO - amendment_added | act=ACT-PERF | hash=f1ff9361dff66d02 | author=Author 75
2025-12-03 01:48:33,655 - INFO - amendment_added | act=ACT-PERF | hash=c313ecf2ecff2a0c | author=Author 76
2025-12-03 01:48:33,655 - INFO - amendment_added | act=ACT-PERF | hash=c313ecf2ecff2a0c | author=Author 76
2025-12-03 01:48:33,655 - INFO - amendment_added | act=ACT-PERF | hash=c313ecf2ecff2a0c | author=Author 76
2025-12-03 01:48:33,655 - INFO - amendment_added | act=ACT-PERF | hash=c313ecf2ecff2a0c | author=Author 76
2025-12-03 01:48:33,655 - INFO - amendment_added | act=ACT-PERF | hash=c313ecf2ecff2a0c | author=Author 76
2025-12-03 01:48:33,655 - INFO - amendment_added | act=ACT-PERF | hash=02d94d6435e902ba | author=Author 77
2025-12-03 01:48:33,655 - INFO - amendment_added | act=ACT-PERF | hash=02d94d6435e902ba | author=Author 77
2025-12-03 01:48:33,655 - INFO - amendment_added | act=ACT-PERF | hash=02d94d6435e902ba | author=Author 77
2025-12-03 01:48:33,655 - INFO - amendment_added | act=ACT-PERF | hash=02d94d6435e902ba | author=Author 77
2025-12-03 01:48:33,655 - INFO - amendment_added | act=ACT-PERF | hash=02d94d6435e902ba | author=Author 77
2025-12-03 01:48:33,655 - INFO - amendment_added | act=ACT-PERF | hash=f744b90489444d64 | author=Author 78
2025-12-03 01:48:33,655 - INFO - amendment_added | act=ACT-PERF | hash=f744b90489444d64 | author=Author 78
2025-12-03 01:48:33,655 - INFO - amendment_added | act=ACT-PERF | hash=f744b90489444d64 | author=Author 78
2025-12-03 01:48:33,655 - INFO - amendment_added | act=ACT-PERF | hash=f744b90489444d64 | author=Author 78
2025-12-03 01:48:33,655 - INFO - amendment_added | act=ACT-PERF | hash=f744b90489444d64 | author=Author 78
2025-12-03 01:48:33,656 - INFO - amendment_added | act=ACT-PERF | hash=3b11453757e0bbbd | author=Author 79
2025-12-03 01:48:33,656 - INFO - amendment_added | act=ACT-PERF | hash=3b11453757e0bbbd | author=Author 79
2025-12-03 01:48:33,656 - INFO - amendment_added | act=ACT-PERF | hash=3b11453757e0bbbd | author=Author 79
2025-12-03 01:48:33,656 - INFO - amendment_added | act=ACT-PERF | hash=3b11453757e0bbbd | author=Author 79
2025-12-03 01:48:33,656 - INFO - amendment_added | act=ACT-PERF | hash=3b11453757e0bbbd | author=Author 79
2025-12-03 01:48:33,656 - INFO - amendment_added | act=ACT-PERF | hash=a9f5f5cebe906465 | author=Author 80
2025-12-03 01:48:33,656 - INFO - amendment_added | act=ACT-PERF | hash=a9f5f5cebe906465 | author=Author 80
2025-12-03 01:48:33,656 - INFO - amendment_added | act=ACT-PERF | hash=a9f5f5cebe906465 | author=Author 80
2025-12-03 01:48:33,656 - INFO - amendment_added | act=ACT-PERF | hash=a9f5f5cebe906465 | author=Author 80
2025-12-03 01:48:33,656 - INFO - amendment_added | act=ACT-PERF | hash=a9f5f5cebe906465 | author=Author 80
2025-12-03 01:48:33,656 - INFO - amendment_added | act=ACT-PERF | hash=f8f0daa0eb32fdd5 | author=Author 81
2025-12-03 01:48:33,656 - INFO - amendment_added | act=ACT-PERF | hash=f8f0daa0eb32fdd5 | author=Author 81
2025-12-03 01:48:33,656 - INFO - amendment_added | act=ACT-PERF | hash=f8f0daa0eb32fdd5 | author=Author 81
2025-12-03 01:48:33,656 - INFO - amendment_added | act=ACT-PERF | hash=f8f0daa0eb32fdd5 | author=Author 81
2025-12-03 01:48:33,656 - INFO - amendment_added | act=ACT-PERF | hash=f8f0daa0eb32fdd5 | author=Author 81
2025-12-03 01:48:33,656 - INFO - amendment_added | act=ACT-PERF | hash=2588f5f4a8fc456e | author=Author 82
2025-12-03 01:48:33,656 - INFO - amendment_added | act=ACT-PERF | hash=2588f5f4a8fc456e | author=Author 82
2025-12-03 01:48:33,656 - INFO - amendment_added | act=ACT-PERF | hash=2588f5f4a8fc456e | author=Author 82
2025-12-03 01:48:33,656 - INFO - amendment_added | act=ACT-PERF | hash=2588f5f4a8fc456e | author=Author 82
2025-12-03 01:48:33,656 - INFO - amendment_added | act=ACT-PERF | hash=2588f5f4a8fc456e | author=Author 82
2025-12-03 01:48:33,656 - INFO - amendment_added | act=ACT-PERF | hash=9fdff459ebf7a38b | author=Author 83
2025-12-03 01:48:33,656 - INFO - amendment_added | act=ACT-PERF | hash=9fdff459ebf7a38b | author=Author 83
2025-12-03 01:48:33,656 - INFO - amendment_added | act=ACT-PERF | hash=9fdff459ebf7a38b | author=Author 83
2025-12-03 01:48:33,656 - INFO - amendment_added | act=ACT-PERF | hash=9fdff459ebf7a38b | author=Author 83
2025-12-03 01:48:33,656 - INFO - amendment_added | act=ACT-PERF | hash=9fdff459ebf7a38b | author=Author 83
2025-12-03 01:48:33,656 - INFO - amendment_added | act=ACT-PERF | hash=7e23215b7b56e898 | author=Author 84
2025-12-03 01:48:33,656 - INFO - amendment_added | act=ACT-PERF | hash=7e23215b7b56e898 | author=Author 84
2025-12-03 01:48:33,656 - INFO - amendment_added | act=ACT-PERF | hash=7e23215b7b56e898 | author=Author 84
2025-12-03 01:48:33,656 - INFO - amendment_added | act=ACT-PERF | hash=7e23215b7b56e898 | author=Author 84
2025-12-03 01:48:33,656 - INFO - amendment_added | act=ACT-PERF | hash=7e23215b7b56e898 | author=Author 84
2025-12-03 01:48:33,656 - INFO - amendment_added | act=ACT-PERF | hash=39a676e4ae6efdfb | author=Author 85
2025-12-03 01:48:33,656 - INFO - amendment_added | act=ACT-PERF | hash=39a676e4ae6efdfb | author=Author 85
2025-12-03 01:48:33,656 - INFO - amendment_added | act=ACT-PERF | hash=39a676e4ae6efdfb | author=Author 85
2025-12-03 01:48:33,656 - INFO - amendment_added | act=ACT-PERF | hash=39a676e4ae6efdfb | author=Author 85
2025-12-03 01:48:33,656 - INFO - amendment_added | act=ACT-PERF | hash=39a676e4ae6efdfb | author=Author 85
2025-12-03 01:48:33,657 - INFO - amendment_added | act=ACT-PERF | hash=f97aee8201a4c7c4 | author=Author 86
2025-12-03 01:48:33,657 - INFO - amendment_added | act=ACT-PERF | hash=f97aee8201a4c7c4 | author=Author 86
2025-12-03 01:48:33,657 - INFO - amendment_added | act=ACT-PERF | hash=f97aee8201a4c7c4 | author=Author 86
2025-12-03 01:48:33,657 - INFO - amendment_added | act=ACT-PERF | hash=f97aee8201a4c7c4 | author=Author 86
2025-12-03 01:48:33,657 - INFO - amendment_added | act=ACT-PERF | hash=f97aee8201a4c7c4 | author=Author 86
2025-12-03 01:48:33,657 - INFO - amendment_added | act=ACT-PERF | hash=02b0a971b81a1401 | author=Author 87
2025-12-03 01:48:33,657 - INFO - amendment_added | act=ACT-PERF | hash=02b0a971b81a1401 | author=Author 87
2025-12-03 01:48:33,657 - INFO - amendment_added | act=ACT-PERF | hash=02b0a971b81a1401 | author=Author 87
2025-12-03 01:48:33,657 - INFO - amendment_added | act=ACT-PERF | hash=02b0a971b81a1401 | author=Author 87
2025-12-03 01:48:33,657 - INFO - amendment_added | act=ACT-PERF | hash=02b0a971b81a1401 | author=Author 87
2025-12-03 01:48:33,657 - INFO - amendment_added | act=ACT-PERF | hash=08ddd73b86e4dede | author=Author 88
2025-12-03 01:48:33,657 - INFO - amendment_added | act=ACT-PERF | hash=08ddd73b86e4dede | author=Author 88
2025-12-03 01:48:33,657 - INFO - amendment_added | act=ACT-PERF | hash=08ddd73b86e4dede | author=Author 88
2025-12-03 01:48:33,657 - INFO - amendment_added | act=ACT-PERF | hash=08ddd73b86e4dede | author=Author 88
2025-12-03 01:48:33,657 - INFO - amendment_added | act=ACT-PERF | hash=08ddd73b86e4dede | author=Author 88
2025-12-03 01:48:33,657 - INFO - amendment_added | act=ACT-PERF | hash=6fa7bc4bd5d0aa73 | author=Author 89
2025-12-03 01:48:33,657 - INFO - amendment_added | act=ACT-PERF | hash=6fa7bc4bd5d0aa73 | author=Author 89
2025-12-03 01:48:33,657 - INFO - amendment_added | act=ACT-PERF | hash=6fa7bc4bd5d0aa73 | author=Author 89
2025-12-03 01:48:33,657 - INFO - amendment_added | act=ACT-PERF | hash=6fa7bc4bd5d0aa73 | author=Author 89
2025-12-03 01:48:33,657 - INFO - amendment_added | act=ACT-PERF | hash=6fa7bc4bd5d0aa73 | author=Author 89
2025-12-03 01:48:33,657 - INFO - amendment_added | act=ACT-PERF | hash=ddae66b21aade88c | author=Author 90
2025-12-03 01:48:33,657 - INFO - amendment_added | act=ACT-PERF | hash=ddae66b21aade88c | author=Author 90
2025-12-03 01:48:33,657 - INFO - amendment_added | act=ACT-PERF | hash=ddae66b21aade88c | author=Author 90
2025-12-03 01:48:33,657 - INFO - amendment_added | act=ACT-PERF | hash=ddae66b21aade88c | author=Author 90
2025-12-03 01:48:33,657 - INFO - amendment_added | act=ACT-PERF | hash=ddae66b21aade88c | author=Author 90
2025-12-03 01:48:33,657 - INFO - amendment_added | act=ACT-PERF | hash=d1cb348dd44ac078 | author=Author 91
2025-12-03 01:48:33,657 - INFO - amendment_added | act=ACT-PERF | hash=d1cb348dd44ac078 | author=Author 91
2025-12-03 01:48:33,657 - INFO - amendment_added | act=ACT-PERF | hash=d1cb348dd44ac078 | author=Author 91
2025-12-03 01:48:33,657 - INFO - amendment_added | act=ACT-PERF | hash=d1cb348dd44ac078 | author=Author 91
2025-12-03 01:48:33,657 - INFO - amendment_added | act=ACT-PERF | hash=d1cb348dd44ac078 | author=Author 91
2025-12-03 01:48:33,657 - INFO - amendment_added | act=ACT-PERF | hash=a9645644b8837bb5 | author=Author 92
2025-12-03 01:48:33,657 - INFO - amendment_added | act=ACT-PERF | hash=a9645644b8837bb5 | author=Author 92
2025-12-03 01:48:33,657 - INFO - amendment_added | act=ACT-PERF | hash=a9645644b8837bb5 | author=Author 92
2025-12-03 01:48:33,657 - INFO - amendment_added | act=ACT-PERF | hash=a9645644b8837bb5 | author=Author 92
2025-12-03 01:48:33,657 - INFO - amendment_added | act=ACT-PERF | hash=a9645644b8837bb5 | author=Author 92
2025-12-03 01:48:33,657 - INFO - amendment_added | act=ACT-PERF | hash=eb83dd0a64a5bd1b | author=Author 93
2025-12-03 01:48:33,657 - INFO - amendment_added | act=ACT-PERF | hash=eb83dd0a64a5bd1b | author=Author 93
2025-12-03 01:48:33,657 - INFO - amendment_added | act=ACT-PERF | hash=eb83dd0a64a5bd1b | author=Author 93
2025-12-03 01:48:33,657 - INFO - amendment_added | act=ACT-PERF | hash=eb83dd0a64a5bd1b | author=Author 93
2025-12-03 01:48:33,657 - INFO - amendment_added | act=ACT-PERF | hash=eb83dd0a64a5bd1b | author=Author 93
2025-12-03 01:48:33,658 - INFO - amendment_added | act=ACT-PERF | hash=0b2eef72d20189f1 | author=Author 94
2025-12-03 01:48:33,658 - INFO - amendment_added | act=ACT-PERF | hash=0b2eef72d20189f1 | author=Author 94
2025-12-03 01:48:33,658 - INFO - amendment_added | act=ACT-PERF | hash=0b2eef72d20189f1 | author=Author 94
2025-12-03 01:48:33,658 - INFO - amendment_added | act=ACT-PERF | hash=0b2eef72d20189f1 | author=Author 94
2025-12-03 01:48:33,658 - INFO - amendment_added | act=ACT-PERF | hash=0b2eef72d20189f1 | author=Author 94
2025-12-03 01:48:33,658 - INFO - amendment_added | act=ACT-PERF | hash=010f50114bcbb7f9 | author=Author 95
2025-12-03 01:48:33,658 - INFO - amendment_added | act=ACT-PERF | hash=010f50114bcbb7f9 | author=Author 95
2025-12-03 01:48:33,658 - INFO - amendment_added | act=ACT-PERF | hash=010f50114bcbb7f9 | author=Author 95
2025-12-03 01:48:33,658 - INFO - amendment_added | act=ACT-PERF | hash=010f50114bcbb7f9 | author=Author 95
2025-12-03 01:48:33,658 - INFO - amendment_added | act=ACT-PERF | hash=010f50114bcbb7f9 | author=Author 95
2025-12-03 01:48:33,658 - INFO - amendment_added | act=ACT-PERF | hash=3cbc98041b7087c8 | author=Author 96
2025-12-03 01:48:33,658 - INFO - amendment_added | act=ACT-PERF | hash=3cbc98041b7087c8 | author=Author 96
2025-12-03 01:48:33,658 - INFO - amendment_added | act=ACT-PERF | hash=3cbc98041b7087c8 | author=Author 96
2025-12-03 01:48:33,658 - INFO - amendment_added | act=ACT-PERF | hash=3cbc98041b7087c8 | author=Author 96
2025-12-03 01:48:33,658 - INFO - amendment_added | act=ACT-PERF | hash=3cbc98041b7087c8 | author=Author 96
2025-12-03 01:48:33,658 - INFO - amendment_added | act=ACT-PERF | hash=005ab0144a6ed3d4 | author=Author 97
2025-12-03 01:48:33,658 - INFO - amendment_added | act=ACT-PERF | hash=005ab0144a6ed3d4 | author=Author 97
2025-12-03 01:48:33,658 - INFO - amendment_added | act=ACT-PERF | hash=005ab0144a6ed3d4 | author=Author 97
2025-12-03 01:48:33,658 - INFO - amendment_added | act=ACT-PERF | hash=005ab0144a6ed3d4 | author=Author 97
2025-12-03 01:48:33,658 - INFO - amendment_added | act=ACT-PERF | hash=005ab0144a6ed3d4 | author=Author 97
2025-12-03 01:48:33,658 - INFO - amendment_added | act=ACT-PERF | hash=d97d1c0c6f35e238 | author=Author 98
2025-12-03 01:48:33,658 - INFO - amendment_added | act=ACT-PERF | hash=d97d1c0c6f35e238 | author=Author 98
2025-12-03 01:48:33,658 - INFO - amendment_added | act=ACT-PERF | hash=d97d1c0c6f35e238 | author=Author 98
2025-12-03 01:48:33,658 - INFO - amendment_added | act=ACT-PERF | hash=d97d1c0c6f35e238 | author=Author 98
2025-12-03 01:48:33,658 - INFO - amendment_added | act=ACT-PERF | hash=d97d1c0c6f35e238 | author=Author 98
2025-12-03 01:48:33,658 - INFO - amendment_added | act=ACT-PERF | hash=6594a48937f4a46c | author=Author 99
2025-12-03 01:48:33,658 - INFO - amendment_added | act=ACT-PERF | hash=6594a48937f4a46c | author=Author 99
2025-12-03 01:48:33,658 - INFO - amendment_added | act=ACT-PERF | hash=6594a48937f4a46c | author=Author 99
2025-12-03 01:48:33,658 - INFO - amendment_added | act=ACT-PERF | hash=6594a48937f4a46c | author=Author 99
2025-12-03 01:48:33,658 - INFO - amendment_added | act=ACT-PERF | hash=6594a48937f4a46c | author=Author 99
2025-12-03 01:48:33,659 - INFO - amendment_added | act=ACT-INT | hash=8be4d3ca934530e2 | author=Author 0
2025-12-03 01:48:33,659 - INFO - amendment_added | act=ACT-INT | hash=8be4d3ca934530e2 | author=Author 0
2025-12-03 01:48:33,659 - INFO - amendment_added | act=ACT-INT | hash=8be4d3ca934530e2 | author=Author 0
2025-12-03 01:48:33,659 - INFO - amendment_added | act=ACT-INT | hash=8be4d3ca934530e2 | author=Author 0
2025-12-03 01:48:33,659 - INFO - amendment_added | act=ACT-INT | hash=8be4d3ca934530e2 | author=Author 0
2025-12-03 01:48:33,659 - INFO - amendment_added | act=ACT-INT | hash=8be4d3ca934530e2 | author=Author 0
2025-12-03 01:48:33,660 - INFO - amendment_added | act=ACT-INT | hash=da2205fd99ef05ac | author=Author 1
2025-12-03 01:48:33,660 - INFO - amendment_added | act=ACT-INT | hash=da2205fd99ef05ac | author=Author 1
2025-12-03 01:48:33,660 - INFO - amendment_added | act=ACT-INT | hash=da2205fd99ef05ac | author=Author 1
2025-12-03 01:48:33,660 - INFO - amendment_added | act=ACT-INT | hash=da2205fd99ef05ac | author=Author 1
2025-12-03 01:48:33,660 - INFO - amendment_added | act=ACT-INT | hash=da2205fd99ef05ac | author=Author 1
2025-12-03 01:48:33,660 - INFO - amendment_added | act=ACT-INT | hash=da2205fd99ef05ac | author=Author 1
2025-12-03 01:48:33,660 - INFO - amendment_added | act=ACT-INT | hash=7dd5ee576235c78b | author=Author 2
2025-12-03 01:48:33,660 - INFO - amendment_added | act=ACT-INT | hash=7dd5ee576235c78b | author=Author 2
2025-12-03 01:48:33,660 - INFO - amendment_added | act=ACT-INT | hash=7dd5ee576235c78b | author=Author 2
2025-12-03 01:48:33,660 - INFO - amendment_added | act=ACT-INT | hash=7dd5ee576235c78b | author=Author 2
2025-12-03 01:48:33,660 - INFO - amendment_added | act=ACT-INT | hash=7dd5ee576235c78b | author=Author 2
2025-12-03 01:48:33,660 - INFO - amendment_added | act=ACT-INT | hash=7dd5ee576235c78b | author=Author 2
2025-12-03 01:48:33,660 - INFO - chain_verified | act=ACT-INT | status=valid | amendments=3
2025-12-03 01:48:33,660 - INFO - chain_verified | act=ACT-INT | status=valid | amendments=3
2025-12-03 01:48:33,660 - INFO - chain_verified | act=ACT-INT | status=valid | amendments=3
2025-12-03 01:48:33,660 - INFO - chain_verified | act=ACT-INT | status=valid | amendments=3
2025-12-03 01:48:33,660 - INFO - chain_verified | act=ACT-INT | status=valid | amendments=3
2025-12-03 01:48:33,660 - INFO - chain_verified | act=ACT-INT | status=valid | amendments=3
